#
# There is insufficient memory for the Java Runtime Environment to continue.
# Native memory allocation (mmap) failed to map 138412032 bytes for committing reserved memory.
# Possible reasons:
#   The system is out of physical RAM or swap space
#   In 32 bit mode, the process size limit was hit
# Possible solutions:
#   Reduce memory load on the system
#   Increase physical memory or swap space
#   Check if swap backing store is full
#   Use 64 bit Java on a 64 bit OS
#   Decrease Java heap size (-Xmx/-Xms)
#   Decrease number of Java threads
#   Decrease Java thread stack sizes (-Xss)
#   Set larger code cache with -XX:ReservedCodeCacheSize=
# This output file may be truncated or incomplete.
#
#  Out of Memory Error (os_linux.cpp:2627), pid=31827, tid=0x00007f0259717700
#
# JRE version: Java(TM) SE Runtime Environment (8.0_101-b13) (build 1.8.0_101-b13)
# Java VM: Java HotSpot(TM) 64-Bit Server VM (25.101-b13 mixed mode linux-amd64 compressed oops)
# Failed to write core dump. Core dumps have been disabled. To enable core dumping, try "ulimit -c unlimited" before starting Java again
#

---------------  T H R E A D  ---------------

Current thread (0x00007f026c078000):  VMThread [stack: 0x00007f0259617000,0x00007f0259718000] [id=31836]

Stack: [0x00007f0259617000,0x00007f0259718000],  sp=0x00007f0259715f60,  free space=1019k
Native frames: (J=compiled Java code, j=interpreted, Vv=VM code, C=native code)
V  [libjvm.so+0xac3f0a]  VMError::report_and_die()+0x2ba
V  [libjvm.so+0x4fbf9b]  report_vm_out_of_memory(char const*, int, unsigned long, VMErrorType, char const*)+0x8b
V  [libjvm.so+0x9222d3]  os::Linux::commit_memory_impl(char*, unsigned long, bool)+0x103
V  [libjvm.so+0x922829]  os::pd_commit_memory(char*, unsigned long, unsigned long, bool)+0x29
V  [libjvm.so+0x91cb2a]  os::commit_memory(char*, unsigned long, unsigned long, bool)+0x2a
V  [libjvm.so+0x991053]  PSVirtualSpace::expand_by(unsigned long)+0x53
V  [libjvm.so+0x992458]  PSYoungGen::resize_generation(unsigned long, unsigned long)+0xf8
V  [libjvm.so+0x9915b2]  PSYoungGen::resize(unsigned long, unsigned long)+0x22
V  [libjvm.so+0x98e88b]  PSScavenge::invoke_no_policy()+0xf3b
V  [libjvm.so+0x98f011]  PSScavenge::invoke()+0x41
V  [libjvm.so+0x945fc0]  ParallelScavengeHeap::failed_mem_allocate(unsigned long)+0x70
V  [libjvm.so+0xac5927]  VM_ParallelGCFailedAllocation::doit()+0x97
V  [libjvm.so+0xacd405]  VM_Operation::evaluate()+0x55
V  [libjvm.so+0xacb7da]  VMThread::evaluate_operation(VM_Operation*)+0xba
V  [libjvm.so+0xacbb5e]  VMThread::loop()+0x1ce
V  [libjvm.so+0xacbfd0]  VMThread::run()+0x70
V  [libjvm.so+0x924698]  java_start(Thread*)+0x108

VM_Operation (0x00007f0273df1ef0): ParallelGCFailedAllocation, mode: safepoint, requested by thread 0x00007f026c00a000


---------------  P R O C E S S  ---------------

Java Threads: ( => current thread )
  0x00007f026c0c0000 JavaThread "Service Thread" daemon [_thread_blocked, id=31843, stack(0x00007f0258c46000,0x00007f0258d47000)]
  0x00007f026c0bd800 JavaThread "C1 CompilerThread2" daemon [_thread_blocked, id=31842, stack(0x00007f0258d47000,0x00007f0258e48000)]
  0x00007f026c0bb800 JavaThread "C2 CompilerThread1" daemon [_thread_blocked, id=31841, stack(0x00007f0258e48000,0x00007f0258f49000)]
  0x00007f026c0b8800 JavaThread "C2 CompilerThread0" daemon [_thread_blocked, id=31840, stack(0x00007f0258f49000,0x00007f025904a000)]
  0x00007f026c0b7000 JavaThread "Signal Dispatcher" daemon [_thread_blocked, id=31839, stack(0x00007f025904a000,0x00007f025914b000)]
  0x00007f026c084000 JavaThread "Finalizer" daemon [_thread_blocked, id=31838, stack(0x00007f0259415000,0x00007f0259516000)]
  0x00007f026c07f800 JavaThread "Reference Handler" daemon [_thread_blocked, id=31837, stack(0x00007f0259516000,0x00007f0259617000)]
  0x00007f026c00a000 JavaThread "main" [_thread_blocked, id=31829, stack(0x00007f0273cf3000,0x00007f0273df4000)]

Other Threads:
=>0x00007f026c078000 VMThread [stack: 0x00007f0259617000,0x00007f0259718000] [id=31836]
  0x00007f026c0c3000 WatcherThread [stack: 0x00007f0258b45000,0x00007f0258c46000] [id=31844]

VM state:at safepoint (normal execution)

VM Mutex/Monitor currently owned by a thread:  ([mutex/lock_event])
[0x00007f026c006360] Threads_lock - owner thread: 0x00007f026c078000
[0x00007f026c006860] Heap_lock - owner thread: 0x00007f026c00a000

Heap:
 PSYoungGen      total 142336K, used 16878K [0x00000000eab00000, 0x00000000f4800000, 0x0000000100000000)
  eden space 125440K, 0% used [0x00000000eab00000,0x00000000eab00000,0x00000000f2580000)
  from space 16896K, 99% used [0x00000000f2580000,0x00000000f35fb850,0x00000000f3600000)
  to   space 15360K, 0% used [0x00000000f3600000,0x00000000f3600000,0x00000000f4500000)
 ParOldGen       total 84992K, used 29580K [0x00000000c0000000, 0x00000000c5300000, 0x00000000eab00000)
  object space 84992K, 34% used [0x00000000c0000000,0x00000000c1ce3148,0x00000000c5300000)
 Metaspace       used 6642K, capacity 7480K, committed 7680K, reserved 1056768K
  class space    used 632K, capacity 688K, committed 768K, reserved 1048576K

Card table byte_map: [0x00007f02708ae000,0x00007f0270aaf000] byte_map_base: 0x00007f02702ae000

Marking Bits: (ParMarkBitMap*) 0x00007f02731cf120
 Begin Bits: [0x00007f025b000000, 0x00007f025c000000)
 End Bits:   [0x00007f025c000000, 0x00007f025d000000)

Polling page: 0x00007f0273e18000

CodeCache: size=245760Kb used=8232Kb max_used=8232Kb free=237527Kb
 bounds [0x00007f025d000000, 0x00007f025d820000, 0x00007f026c000000]
 total_blobs=2485 nmethods=2216 adapters=182
 compilation: enabled

Compilation events (10 events):
Event: 13,675 Thread 0x00007f026c0bd800 2491       2       com.android.dx.dex.code.form.Form20t::branchFits (22 bytes)
Event: 13,675 Thread 0x00007f026c0bd800 nmethod 2491 0x00007f025d80ae10 code [0x00007f025d80afa0, 0x00007f025d80b2b8]
Event: 13,695 Thread 0x00007f026c0bd800 2492       2       com.android.dx.dex.file.StringIdsSection::get (49 bytes)
Event: 13,696 Thread 0x00007f026c0bd800 nmethod 2492 0x00007f025d80a5d0 code [0x00007f025d80a780, 0x00007f025d80ab78]
Event: 13,704 Thread 0x00007f026c0bd800 2493       1       com.android.dx.dex.code.CatchHandlerList$Entry::getExceptionType (5 bytes)
Event: 13,704 Thread 0x00007f026c0bd800 nmethod 2493 0x00007f025d80a310 code [0x00007f025d80a460, 0x00007f025d80a570]
Event: 13,760 Thread 0x00007f026c0bd800 2494 %     3       com.android.dx.dex.code.form.Form35c::wordCount @ 16 (74 bytes)
Event: 13,761 Thread 0x00007f026c0bd800 nmethod 2494% 0x00007f025d808f50 code [0x00007f025d809160, 0x00007f025d809e48]
Event: 13,761 Thread 0x00007f026c0bd800 2495       3       com.android.dx.dex.code.form.Form35c::wordCount (74 bytes)
Event: 13,762 Thread 0x00007f026c0bd800 nmethod 2495 0x00007f025d80f010 code [0x00007f025d80f220, 0x00007f025d80fe88]

GC Heap History (10 events):
Event: 3,953 GC heap after
Heap after GC invocations=2 (full 0):
 PSYoungGen      total 36864K, used 5095K [0x00000000eab00000, 0x00000000ef300000, 0x0000000100000000)
  eden space 31744K, 0% used [0x00000000eab00000,0x00000000eab00000,0x00000000eca00000)
  from space 5120K, 99% used [0x00000000ecf00000,0x00000000ed3f9ea0,0x00000000ed400000)
  to   space 5120K, 0% used [0x00000000eca00000,0x00000000eca00000,0x00000000ecf00000)
 ParOldGen       total 84992K, used 4244K [0x00000000c0000000, 0x00000000c5300000, 0x00000000eab00000)
  object space 84992K, 4% used [0x00000000c0000000,0x00000000c04252e0,0x00000000c5300000)
 Metaspace       used 5909K, capacity 6896K, committed 7040K, reserved 1056768K
  class space    used 593K, capacity 616K, committed 640K, reserved 1048576K
}
Event: 4,547 GC heap before
{Heap before GC invocations=3 (full 0):
 PSYoungGen      total 36864K, used 36839K [0x00000000eab00000, 0x00000000ef300000, 0x0000000100000000)
  eden space 31744K, 100% used [0x00000000eab00000,0x00000000eca00000,0x00000000eca00000)
  from space 5120K, 99% used [0x00000000ecf00000,0x00000000ed3f9ea0,0x00000000ed400000)
  to   space 5120K, 0% used [0x00000000eca00000,0x00000000eca00000,0x00000000ecf00000)
 ParOldGen       total 84992K, used 4244K [0x00000000c0000000, 0x00000000c5300000, 0x00000000eab00000)
  object space 84992K, 4% used [0x00000000c0000000,0x00000000c04252e0,0x00000000c5300000)
 Metaspace       used 5920K, capacity 6896K, committed 7040K, reserved 1056768K
  class space    used 594K, capacity 616K, committed 640K, reserved 1048576K
Event: 4,582 GC heap after
Heap after GC invocations=3 (full 0):
 PSYoungGen      total 36864K, used 5112K [0x00000000eab00000, 0x00000000ef300000, 0x0000000100000000)
  eden space 31744K, 0% used [0x00000000eab00000,0x00000000eab00000,0x00000000eca00000)
  from space 5120K, 99% used [0x00000000eca00000,0x00000000ecefe210,0x00000000ecf00000)
  to   space 5120K, 0% used [0x00000000eee00000,0x00000000eee00000,0x00000000ef300000)
 ParOldGen       total 84992K, used 9152K [0x00000000c0000000, 0x00000000c5300000, 0x00000000eab00000)
  object space 84992K, 10% used [0x00000000c0000000,0x00000000c08f0238,0x00000000c5300000)
 Metaspace       used 5920K, capacity 6896K, committed 7040K, reserved 1056768K
  class space    used 594K, capacity 616K, committed 640K, reserved 1048576K
}
Event: 4,945 GC heap before
{Heap before GC invocations=4 (full 0):
 PSYoungGen      total 36864K, used 36856K [0x00000000eab00000, 0x00000000ef300000, 0x0000000100000000)
  eden space 31744K, 100% used [0x00000000eab00000,0x00000000eca00000,0x00000000eca00000)
  from space 5120K, 99% used [0x00000000eca00000,0x00000000ecefe210,0x00000000ecf00000)
  to   space 5120K, 0% used [0x00000000eee00000,0x00000000eee00000,0x00000000ef300000)
 ParOldGen       total 84992K, used 9152K [0x00000000c0000000, 0x00000000c5300000, 0x00000000eab00000)
  object space 84992K, 10% used [0x00000000c0000000,0x00000000c08f0238,0x00000000c5300000)
 Metaspace       used 5927K, capacity 6896K, committed 7040K, reserved 1056768K
  class space    used 594K, capacity 616K, committed 640K, reserved 1048576K
Event: 4,998 GC heap after
Heap after GC invocations=4 (full 0):
 PSYoungGen      total 68608K, used 5097K [0x00000000eab00000, 0x00000000ef300000, 0x0000000100000000)
  eden space 63488K, 0% used [0x00000000eab00000,0x00000000eab00000,0x00000000ee900000)
  from space 5120K, 99% used [0x00000000eee00000,0x00000000ef2fa610,0x00000000ef300000)
  to   space 5120K, 0% used [0x00000000ee900000,0x00000000ee900000,0x00000000eee00000)
 ParOldGen       total 84992K, used 14235K [0x00000000c0000000, 0x00000000c5300000, 0x00000000eab00000)
  object space 84992K, 16% used [0x00000000c0000000,0x00000000c0de6ef0,0x00000000c5300000)
 Metaspace       used 5927K, capacity 6896K, committed 7040K, reserved 1056768K
  class space    used 594K, capacity 616K, committed 640K, reserved 1048576K
}
Event: 5,747 GC heap before
{Heap before GC invocations=5 (full 0):
 PSYoungGen      total 68608K, used 68585K [0x00000000eab00000, 0x00000000ef300000, 0x0000000100000000)
  eden space 63488K, 100% used [0x00000000eab00000,0x00000000ee900000,0x00000000ee900000)
  from space 5120K, 99% used [0x00000000eee00000,0x00000000ef2fa610,0x00000000ef300000)
  to   space 5120K, 0% used [0x00000000ee900000,0x00000000ee900000,0x00000000eee00000)
 ParOldGen       total 84992K, used 14235K [0x00000000c0000000, 0x00000000c5300000, 0x00000000eab00000)
  object space 84992K, 16% used [0x00000000c0000000,0x00000000c0de6ef0,0x00000000c5300000)
 Metaspace       used 6049K, capacity 7000K, committed 7168K, reserved 1056768K
  class space    used 614K, capacity 656K, committed 768K, reserved 1048576K
Event: 5,914 GC heap after
Heap after GC invocations=5 (full 0):
 PSYoungGen      total 68608K, used 5119K [0x00000000eab00000, 0x00000000f4500000, 0x0000000100000000)
  eden space 63488K, 0% used [0x00000000eab00000,0x00000000eab00000,0x00000000ee900000)
  from space 5120K, 99% used [0x00000000ee900000,0x00000000eedffd58,0x00000000eee00000)
  to   space 15360K, 0% used [0x00000000f3600000,0x00000000f3600000,0x00000000f4500000)
 ParOldGen       total 84992K, used 23345K [0x00000000c0000000, 0x00000000c5300000, 0x00000000eab00000)
  object space 84992K, 27% used [0x00000000c0000000,0x00000000c16cc420,0x00000000c5300000)
 Metaspace       used 6049K, capacity 7000K, committed 7168K, reserved 1056768K
  class space    used 614K, capacity 656K, committed 768K, reserved 1048576K
}
Event: 6,812 GC heap before
{Heap before GC invocations=6 (full 0):
 PSYoungGen      total 68608K, used 68607K [0x00000000eab00000, 0x00000000f4500000, 0x0000000100000000)
  eden space 63488K, 100% used [0x00000000eab00000,0x00000000ee900000,0x00000000ee900000)
  from space 5120K, 99% used [0x00000000ee900000,0x00000000eedffd58,0x00000000eee00000)
  to   space 15360K, 0% used [0x00000000f3600000,0x00000000f3600000,0x00000000f4500000)
 ParOldGen       total 84992K, used 23345K [0x00000000c0000000, 0x00000000c5300000, 0x00000000eab00000)
  object space 84992K, 27% used [0x00000000c0000000,0x00000000c16cc420,0x00000000c5300000)
 Metaspace       used 6247K, capacity 7128K, committed 7424K, reserved 1056768K
  class space    used 614K, capacity 656K, committed 768K, reserved 1048576K
Event: 6,995 GC heap after
Heap after GC invocations=6 (full 0):
 PSYoungGen      total 140800K, used 14360K [0x00000000eab00000, 0x00000000f4800000, 0x0000000100000000)
  eden space 125440K, 0% used [0x00000000eab00000,0x00000000eab00000,0x00000000f2580000)
  from space 15360K, 93% used [0x00000000f3600000,0x00000000f4406008,0x00000000f4500000)
  to   space 16896K, 0% used [0x00000000f2580000,0x00000000f2580000,0x00000000f3600000)
 ParOldGen       total 84992K, used 23353K [0x00000000c0000000, 0x00000000c5300000, 0x00000000eab00000)
  object space 84992K, 27% used [0x00000000c0000000,0x00000000c16ce420,0x00000000c5300000)
 Metaspace       used 6247K, capacity 7128K, committed 7424K, reserved 1056768K
  class space    used 614K, capacity 656K, committed 768K, reserved 1048576K
}
Event: 13,829 GC heap before
{Heap before GC invocations=7 (full 0):
 PSYoungGen      total 140800K, used 139800K [0x00000000eab00000, 0x00000000f4800000, 0x0000000100000000)
  eden space 125440K, 100% used [0x00000000eab00000,0x00000000f2580000,0x00000000f2580000)
  from space 15360K, 93% used [0x00000000f3600000,0x00000000f4406008,0x00000000f4500000)
  to   space 16896K, 0% used [0x00000000f2580000,0x00000000f2580000,0x00000000f3600000)
 ParOldGen       total 84992K, used 23353K [0x00000000c0000000, 0x00000000c5300000, 0x00000000eab00000)
  object space 84992K, 27% used [0x00000000c0000000,0x00000000c16ce420,0x00000000c5300000)
 Metaspace       used 6642K, capacity 7480K, committed 7680K, reserved 1056768K
  class space    used 632K, capacity 688K, committed 768K, reserved 1048576K

Deoptimization events (10 events):
Event: 5,534 Thread 0x00007f026c00a000 Uncommon trap: reason=unstable_if action=reinterpret pc=0x00007f025d2dc978 method=java.util.HashMap.putVal(ILjava/lang/Object;Ljava/lang/Object;ZZ)Ljava/lang/Object; @ 162
Event: 5,587 Thread 0x00007f026c00a000 Uncommon trap: reason=unstable_if action=reinterpret pc=0x00007f025d2318cc method=java.util.HashMap.getNode(ILjava/lang/Object;)Ljava/util/HashMap$Node; @ 84
Event: 7,799 Thread 0x00007f026c168000 Uncommon trap: reason=unstable_if action=reinterpret pc=0x00007f025d37d748 method=com.android.dx.dex.code.OutputFinisher.hasLocalInfo(Lcom/android/dx/dex/code/DalvInsn;)Z @ 24
Event: 11,399 Thread 0x00007f026c00a000 Uncommon trap: reason=class_check action=maybe_recompile pc=0x00007f025d64f3fc method=java.util.Arrays.hashCode([Ljava/lang/Object;)I @ 43
Event: 11,399 Thread 0x00007f026c00a000 Uncommon trap: reason=class_check action=maybe_recompile pc=0x00007f025d64f3fc method=java.util.Arrays.hashCode([Ljava/lang/Object;)I @ 43
Event: 11,399 Thread 0x00007f026c00a000 Uncommon trap: reason=class_check action=maybe_recompile pc=0x00007f025d64f3fc method=java.util.Arrays.hashCode([Ljava/lang/Object;)I @ 43
Event: 11,399 Thread 0x00007f026c00a000 Uncommon trap: reason=class_check action=maybe_recompile pc=0x00007f025d64f3fc method=java.util.Arrays.hashCode([Ljava/lang/Object;)I @ 43
Event: 11,400 Thread 0x00007f026c00a000 Uncommon trap: reason=class_check action=maybe_recompile pc=0x00007f025d4d61f4 method=java.util.Arrays.hashCode([Ljava/lang/Object;)I @ 43
Event: 12,258 Thread 0x00007f026c00a000 Uncommon trap: reason=unstable_if action=reinterpret pc=0x00007f025d2e96b0 method=java.util.Arrays.equals([Ljava/lang/Object;[Ljava/lang/Object;)Z @ 23
Event: 12,461 Thread 0x00007f026c00a000 Uncommon trap: reason=unstable_if action=reinterpret pc=0x00007f025d78a09c method=java.util.TreeMap.put(Ljava/lang/Object;Ljava/lang/Object;)Ljava/lang/Object; @ 163

Internal exceptions (6 events):
Event: 0,147 Thread 0x00007f026c00a000 Exception <a 'java/lang/NoSuchMethodError': Method sun.misc.Unsafe.defineClass(Ljava/lang/String;[BII)Ljava/lang/Class; name or signature does not match> (0x00000000eab07cc0) thrown at [/HUDSON3/workspace/8-2-build-linux-amd64/jdk8u101/7261/hotspot/src/sh
Event: 0,147 Thread 0x00007f026c00a000 Exception <a 'java/lang/NoSuchMethodError': Method sun.misc.Unsafe.prefetchRead(Ljava/lang/Object;J)V name or signature does not match> (0x00000000eab07fa8) thrown at [/HUDSON3/workspace/8-2-build-linux-amd64/jdk8u101/7261/hotspot/src/share/vm/prims/jni.c
Event: 3,855 Thread 0x00007f026c161000 Implicit null exception at 0x00007f025d2b7518 to 0x00007f025d2ba49d
Event: 5,540 Thread 0x00007f026c00a000 Exception <a 'java/lang/ArrayIndexOutOfBoundsException': 18> (0x00000000ede85b90) thrown at [/HUDSON3/workspace/8-2-build-linux-amd64/jdk8u101/7261/hotspot/src/share/vm/interpreter/interpreterRuntime.cpp, line 366]
Event: 5,540 Thread 0x00007f026c00a000 Exception <a 'java/lang/ArrayIndexOutOfBoundsException': 145> (0x00000000ede87710) thrown at [/HUDSON3/workspace/8-2-build-linux-amd64/jdk8u101/7261/hotspot/src/share/vm/interpreter/interpreterRuntime.cpp, line 366]
Event: 5,541 Thread 0x00007f026c00a000 Exception <a 'java/lang/ArrayIndexOutOfBoundsException': 40> (0x00000000ede889f8) thrown at [/HUDSON3/workspace/8-2-build-linux-amd64/jdk8u101/7261/hotspot/src/share/vm/interpreter/interpreterRuntime.cpp, line 366]

Events (10 events):
Event: 12,759 Thread 0x00007f026c00a000 DEOPT UNPACKING pc=0x00007f025d047633 sp=0x00007f0273df1fd0 mode 0
Event: 12,780 Thread 0x00007f026c00a000 DEOPT PACKING pc=0x00007f025d7a4c51 sp=0x00007f0273df2260
Event: 12,780 Thread 0x00007f026c00a000 DEOPT UNPACKING pc=0x00007f025d047633 sp=0x00007f0273df2048 mode 0
Event: 12,780 Thread 0x00007f026c00a000 DEOPT PACKING pc=0x00007f025d7a5cfd sp=0x00007f0273df2330
Event: 12,780 Thread 0x00007f026c00a000 DEOPT UNPACKING pc=0x00007f025d047633 sp=0x00007f0273df20a8 mode 0
Event: 13,490 Thread 0x00007f026c00a000 DEOPT PACKING pc=0x00007f025d7bc041 sp=0x00007f0273df2110
Event: 13,490 Thread 0x00007f026c00a000 DEOPT UNPACKING pc=0x00007f025d047633 sp=0x00007f0273df1ea8 mode 0
Event: 13,762 Thread 0x00007f026c00a000 DEOPT PACKING pc=0x00007f025d790b1a sp=0x00007f0273df2070
Event: 13,762 Thread 0x00007f026c00a000 DEOPT UNPACKING pc=0x00007f025d047633 sp=0x00007f0273df1dd8 mode 0
Event: 13,829 Executing VM operation: ParallelGCFailedAllocation


Dynamic libraries:
00400000-00401000 r-xp 00000000 08:04 1473344                            /opt/java/64/bin/java
00600000-00601000 rw-p 00000000 08:04 1473344                            /opt/java/64/bin/java
0165d000-0167e000 rw-p 00000000 00:00 0                                  [heap]
c0000000-c5300000 rw-p 00000000 00:00 0 
c5300000-eab00000 ---p 00000000 00:00 0 
eab00000-f4800000 rw-p 00000000 00:00 0 
fcc00000-100000000 ---p 00000000 00:00 0 
100000000-1000c0000 rw-p 00000000 00:00 0 
1000c0000-140000000 ---p 00000000 00:00 0 
7f020c000000-7f020c023000 rw-p 00000000 00:00 0 
7f020c023000-7f0210000000 ---p 00000000 00:00 0 
7f0210000000-7f021002e000 rw-p 00000000 00:00 0 
7f021002e000-7f0214000000 ---p 00000000 00:00 0 
7f0214000000-7f0214021000 rw-p 00000000 00:00 0 
7f0214021000-7f0218000000 ---p 00000000 00:00 0 
7f0218000000-7f0218027000 rw-p 00000000 00:00 0 
7f0218027000-7f021c000000 ---p 00000000 00:00 0 
7f021c000000-7f021c021000 rw-p 00000000 00:00 0 
7f021c021000-7f0220000000 ---p 00000000 00:00 0 
7f0220000000-7f0220034000 rw-p 00000000 00:00 0 
7f0220034000-7f0224000000 ---p 00000000 00:00 0 
7f0224000000-7f02248d8000 rw-p 00000000 00:00 0 
7f02248d8000-7f0228000000 ---p 00000000 00:00 0 
7f0228000000-7f0228021000 rw-p 00000000 00:00 0 
7f0228021000-7f022c000000 ---p 00000000 00:00 0 
7f022c000000-7f022caf0000 rw-p 00000000 00:00 0 
7f022caf0000-7f0230000000 ---p 00000000 00:00 0 
7f0230000000-7f0230c77000 rw-p 00000000 00:00 0 
7f0230c77000-7f0234000000 ---p 00000000 00:00 0 
7f0234000000-7f0234021000 rw-p 00000000 00:00 0 
7f0234021000-7f0238000000 ---p 00000000 00:00 0 
7f0238000000-7f0238021000 rw-p 00000000 00:00 0 
7f0238021000-7f023c000000 ---p 00000000 00:00 0 
7f023c000000-7f023c28d000 rw-p 00000000 00:00 0 
7f023c28d000-7f0240000000 ---p 00000000 00:00 0 
7f0240000000-7f0240021000 rw-p 00000000 00:00 0 
7f0240021000-7f0244000000 ---p 00000000 00:00 0 
7f0244000000-7f0244021000 rw-p 00000000 00:00 0 
7f0244021000-7f0248000000 ---p 00000000 00:00 0 
7f0248000000-7f0248021000 rw-p 00000000 00:00 0 
7f0248021000-7f024c000000 ---p 00000000 00:00 0 
7f024c000000-7f024c021000 rw-p 00000000 00:00 0 
7f024c021000-7f0250000000 ---p 00000000 00:00 0 
7f0254000000-7f0254021000 rw-p 00000000 00:00 0 
7f0254021000-7f0258000000 ---p 00000000 00:00 0 
7f0258640000-7f0258643000 ---p 00000000 00:00 0 
7f0258643000-7f0258741000 rw-p 00000000 00:00 0 
7f0258741000-7f0258744000 ---p 00000000 00:00 0 
7f0258744000-7f0258842000 rw-p 00000000 00:00 0 
7f0258842000-7f0258845000 ---p 00000000 00:00 0 
7f0258845000-7f0258943000 rw-p 00000000 00:00 0 
7f0258943000-7f0258946000 ---p 00000000 00:00 0 
7f0258946000-7f0258a44000 rw-p 00000000 00:00 0 
7f0258a44000-7f0258a47000 ---p 00000000 00:00 0 
7f0258a47000-7f0258b45000 rw-p 00000000 00:00 0 
7f0258b45000-7f0258b46000 ---p 00000000 00:00 0 
7f0258b46000-7f0258c46000 rw-p 00000000 00:00 0                          [stack:31844]
7f0258c46000-7f0258c49000 ---p 00000000 00:00 0 
7f0258c49000-7f0258d47000 rw-p 00000000 00:00 0                          [stack:31843]
7f0258d47000-7f0258d4a000 ---p 00000000 00:00 0 
7f0258d4a000-7f0258e48000 rw-p 00000000 00:00 0                          [stack:31842]
7f0258e48000-7f0258e4b000 ---p 00000000 00:00 0 
7f0258e4b000-7f0258f49000 rw-p 00000000 00:00 0                          [stack:31841]
7f0258f49000-7f0258f4c000 ---p 00000000 00:00 0 
7f0258f4c000-7f025904a000 rw-p 00000000 00:00 0                          [stack:31840]
7f025904a000-7f025904d000 ---p 00000000 00:00 0 
7f025904d000-7f025914b000 rw-p 00000000 00:00 0                          [stack:31839]
7f025914b000-7f0259415000 r--p 00000000 08:04 2628943                    /usr/lib/locale/locale-archive
7f0259415000-7f0259418000 ---p 00000000 00:00 0 
7f0259418000-7f0259516000 rw-p 00000000 00:00 0                          [stack:31838]
7f0259516000-7f0259519000 ---p 00000000 00:00 0 
7f0259519000-7f0259617000 rw-p 00000000 00:00 0                          [stack:31837]
7f0259617000-7f0259618000 ---p 00000000 00:00 0 
7f0259618000-7f025a627000 rw-p 00000000 00:00 0                          [stack:31836]
7f025a627000-7f025a800000 r--s 03d29000 08:04 1473432                    /opt/java/64/jre/lib/rt.jar
7f025a800000-7f025aec0000 rw-p 00000000 00:00 0 
7f025aec0000-7f025b000000 ---p 00000000 00:00 0 
7f025b000000-7f025d000000 rw-p 00000000 00:00 0 
7f025d000000-7f025d820000 rwxp 00000000 00:00 0 
7f025d820000-7f026c000000 ---p 00000000 00:00 0 
7f026c000000-7f026c3ba000 rw-p 00000000 00:00 0 
7f026c3ba000-7f0270000000 ---p 00000000 00:00 0 
7f027002b000-7f0270039000 r--s 000e0000 08:04 1707089                    /home/rodrigo/Android/Sdk/build-tools/24.0.1/lib/dx.jar
7f0270039000-7f0270354000 rw-p 00000000 00:00 0 
7f0270354000-7f0270355000 ---p 00000000 00:00 0 
7f0270355000-7f0270455000 rw-p 00000000 00:00 0                          [stack:31835]
7f0270455000-7f0270456000 ---p 00000000 00:00 0 
7f0270456000-7f0270556000 rw-p 00000000 00:00 0                          [stack:31834]
7f0270556000-7f0270557000 ---p 00000000 00:00 0 
7f0270557000-7f0270657000 rw-p 00000000 00:00 0                          [stack:31833]
7f0270657000-7f0270658000 ---p 00000000 00:00 0 
7f0270658000-7f0270782000 rw-p 00000000 00:00 0                          [stack:31832]
7f0270782000-7f02708ae000 ---p 00000000 00:00 0 
7f02708ae000-7f02708d8000 rw-p 00000000 00:00 0 
7f02708d8000-7f0270a03000 ---p 00000000 00:00 0 
7f0270a03000-7f0270a52000 rw-p 00000000 00:00 0 
7f0270a52000-7f0270aae000 ---p 00000000 00:00 0 
7f0270aae000-7f0270ad0000 rw-p 00000000 00:00 0 
7f0270ad0000-7f0270e6f000 ---p 00000000 00:00 0 
7f0270e6f000-7f0270e89000 r-xp 00000000 08:04 1473461                    /opt/java/64/jre/lib/amd64/libzip.so
7f0270e89000-7f0271089000 ---p 0001a000 08:04 1473461                    /opt/java/64/jre/lib/amd64/libzip.so
7f0271089000-7f027108a000 rw-p 0001a000 08:04 1473461                    /opt/java/64/jre/lib/amd64/libzip.so
7f027108a000-7f0271094000 r-xp 00000000 08:04 525093                     /lib/x86_64-linux-gnu/libnss_files-2.19.so
7f0271094000-7f0271293000 ---p 0000a000 08:04 525093                     /lib/x86_64-linux-gnu/libnss_files-2.19.so
7f0271293000-7f0271294000 r--p 00009000 08:04 525093                     /lib/x86_64-linux-gnu/libnss_files-2.19.so
7f0271294000-7f0271295000 rw-p 0000a000 08:04 525093                     /lib/x86_64-linux-gnu/libnss_files-2.19.so
7f0271295000-7f02712a0000 r-xp 00000000 08:04 525085                     /lib/x86_64-linux-gnu/libnss_nis-2.19.so
7f02712a0000-7f027149f000 ---p 0000b000 08:04 525085                     /lib/x86_64-linux-gnu/libnss_nis-2.19.so
7f027149f000-7f02714a0000 r--p 0000a000 08:04 525085                     /lib/x86_64-linux-gnu/libnss_nis-2.19.so
7f02714a0000-7f02714a1000 rw-p 0000b000 08:04 525085                     /lib/x86_64-linux-gnu/libnss_nis-2.19.so
7f02714a1000-7f02714b8000 r-xp 00000000 08:04 525081                     /lib/x86_64-linux-gnu/libnsl-2.19.so
7f02714b8000-7f02716b7000 ---p 00017000 08:04 525081                     /lib/x86_64-linux-gnu/libnsl-2.19.so
7f02716b7000-7f02716b8000 r--p 00016000 08:04 525081                     /lib/x86_64-linux-gnu/libnsl-2.19.so
7f02716b8000-7f02716b9000 rw-p 00017000 08:04 525081                     /lib/x86_64-linux-gnu/libnsl-2.19.so
7f02716b9000-7f02716bb000 rw-p 00000000 00:00 0 
7f02716bb000-7f02716c4000 r-xp 00000000 08:04 525080                     /lib/x86_64-linux-gnu/libnss_compat-2.19.so
7f02716c4000-7f02718c3000 ---p 00009000 08:04 525080                     /lib/x86_64-linux-gnu/libnss_compat-2.19.so
7f02718c3000-7f02718c4000 r--p 00008000 08:04 525080                     /lib/x86_64-linux-gnu/libnss_compat-2.19.so
7f02718c4000-7f02718c5000 rw-p 00009000 08:04 525080                     /lib/x86_64-linux-gnu/libnss_compat-2.19.so
7f02718c5000-7f02718ef000 r-xp 00000000 08:04 1473487                    /opt/java/64/jre/lib/amd64/libjava.so
7f02718ef000-7f0271aef000 ---p 0002a000 08:04 1473487                    /opt/java/64/jre/lib/amd64/libjava.so
7f0271aef000-7f0271af1000 rw-p 0002a000 08:04 1473487                    /opt/java/64/jre/lib/amd64/libjava.so
7f0271af1000-7f0271afe000 r-xp 00000000 08:04 1473441                    /opt/java/64/jre/lib/amd64/libverify.so
7f0271afe000-7f0271cfe000 ---p 0000d000 08:04 1473441                    /opt/java/64/jre/lib/amd64/libverify.so
7f0271cfe000-7f0271d00000 rw-p 0000d000 08:04 1473441                    /opt/java/64/jre/lib/amd64/libverify.so
7f0271d00000-7f0271d07000 r-xp 00000000 08:04 525089                     /lib/x86_64-linux-gnu/librt-2.19.so
7f0271d07000-7f0271f06000 ---p 00007000 08:04 525089                     /lib/x86_64-linux-gnu/librt-2.19.so
7f0271f06000-7f0271f07000 r--p 00006000 08:04 525089                     /lib/x86_64-linux-gnu/librt-2.19.so
7f0271f07000-7f0271f08000 rw-p 00007000 08:04 525089                     /lib/x86_64-linux-gnu/librt-2.19.so
7f0271f08000-7f027200d000 r-xp 00000000 08:04 525075                     /lib/x86_64-linux-gnu/libm-2.19.so
7f027200d000-7f027220c000 ---p 00105000 08:04 525075                     /lib/x86_64-linux-gnu/libm-2.19.so
7f027220c000-7f027220d000 r--p 00104000 08:04 525075                     /lib/x86_64-linux-gnu/libm-2.19.so
7f027220d000-7f027220e000 rw-p 00105000 08:04 525075                     /lib/x86_64-linux-gnu/libm-2.19.so
7f027220e000-7f0272ed9000 r-xp 00000000 08:04 1473491                    /opt/java/64/jre/lib/amd64/server/libjvm.so
7f0272ed9000-7f02730d8000 ---p 00ccb000 08:04 1473491                    /opt/java/64/jre/lib/amd64/server/libjvm.so
7f02730d8000-7f02731b1000 rw-p 00cca000 08:04 1473491                    /opt/java/64/jre/lib/amd64/server/libjvm.so
7f02731b1000-7f02731fc000 rw-p 00000000 00:00 0 
7f02731fc000-7f02733b6000 r-xp 00000000 08:04 525090                     /lib/x86_64-linux-gnu/libc-2.19.so
7f02733b6000-7f02735b6000 ---p 001ba000 08:04 525090                     /lib/x86_64-linux-gnu/libc-2.19.so
7f02735b6000-7f02735ba000 r--p 001ba000 08:04 525090                     /lib/x86_64-linux-gnu/libc-2.19.so
7f02735ba000-7f02735bc000 rw-p 001be000 08:04 525090                     /lib/x86_64-linux-gnu/libc-2.19.so
7f02735bc000-7f02735c1000 rw-p 00000000 00:00 0 
7f02735c1000-7f02735c4000 r-xp 00000000 08:04 525077                     /lib/x86_64-linux-gnu/libdl-2.19.so
7f02735c4000-7f02737c3000 ---p 00003000 08:04 525077                     /lib/x86_64-linux-gnu/libdl-2.19.so
7f02737c3000-7f02737c4000 r--p 00002000 08:04 525077                     /lib/x86_64-linux-gnu/libdl-2.19.so
7f02737c4000-7f02737c5000 rw-p 00003000 08:04 525077                     /lib/x86_64-linux-gnu/libdl-2.19.so
7f02737c5000-7f02737da000 r-xp 00000000 08:04 1457083                    /opt/java/64/lib/amd64/jli/libjli.so
7f02737da000-7f02739da000 ---p 00015000 08:04 1457083                    /opt/java/64/lib/amd64/jli/libjli.so
7f02739da000-7f02739db000 rw-p 00015000 08:04 1457083                    /opt/java/64/lib/amd64/jli/libjli.so
7f02739db000-7f02739f4000 r-xp 00000000 08:04 525082                     /lib/x86_64-linux-gnu/libpthread-2.19.so
7f02739f4000-7f0273bf3000 ---p 00019000 08:04 525082                     /lib/x86_64-linux-gnu/libpthread-2.19.so
7f0273bf3000-7f0273bf4000 r--p 00018000 08:04 525082                     /lib/x86_64-linux-gnu/libpthread-2.19.so
7f0273bf4000-7f0273bf5000 rw-p 00019000 08:04 525082                     /lib/x86_64-linux-gnu/libpthread-2.19.so
7f0273bf5000-7f0273bf9000 rw-p 00000000 00:00 0 
7f0273bf9000-7f0273c1c000 r-xp 00000000 08:04 525083                     /lib/x86_64-linux-gnu/ld-2.19.so
7f0273c21000-7f0273cf3000 rw-p 00000000 00:00 0 
7f0273cf3000-7f0273cf6000 ---p 00000000 00:00 0 
7f0273cf6000-7f0273df8000 rw-p 00000000 00:00 0                          [stack:31829]
7f0273dfa000-7f0273e0f000 rw-p 00000000 00:00 0 
7f0273e0f000-7f0273e17000 rw-s 00000000 08:04 405178                     /tmp/hsperfdata_rodrigo/31827
7f0273e17000-7f0273e18000 rw-p 00000000 00:00 0 
7f0273e18000-7f0273e19000 ---p 00000000 00:00 0 
7f0273e19000-7f0273e1b000 rw-p 00000000 00:00 0 
7f0273e1b000-7f0273e1c000 r--p 00022000 08:04 525083                     /lib/x86_64-linux-gnu/ld-2.19.so
7f0273e1c000-7f0273e1d000 rw-p 00023000 08:04 525083                     /lib/x86_64-linux-gnu/ld-2.19.so
7f0273e1d000-7f0273e1e000 rw-p 00000000 00:00 0 
7fff597c1000-7fff597e2000 rw-p 00000000 00:00 0                          [stack]
7fff597fe000-7fff59800000 r-xp 00000000 00:00 0                          [vdso]
ffffffffff600000-ffffffffff601000 r-xp 00000000 00:00 0                  [vsyscall]

VM Arguments:
jvm_args: -Djava.awt.headless=true -Xmx1024M -Dfile.encoding=UTF-8 -Duser.country=BR -Duser.language=pt -Duser.variant 
java_command: com.android.dx.command.Main --dex --num-threads=4 --output /home/rodrigo/AndroidStudioProjects/FireTODOList/app/build/intermediates/pre-dexed/debug/com.android.support-appcompat-v7-24.2.0_258755e1285b48adaec522c5e22799151b9d6d5a.jar /home/rodrigo/AndroidStudioProjects/FireTODOList/app/build/intermediates/exploded-aar/com.android.support/appcompat-v7/24.2.0/jars/classes.jar
java_class_path (initial): /home/rodrigo/Android/Sdk/build-tools/24.0.1/lib/dx.jar
Launcher Type: SUN_STANDARD

Environment Variables:
JAVA_HOME=/opt/java/64
PATH=/home/rodrigo/.local/share/umake/bin:/usr/local/sbin:/usr/local/bin:/usr/sbin:/usr/bin:/sbin:/bin:/usr/games:/usr/local/games:/opt/robomongo/bin
USERNAME=rodrigo
LD_LIBRARY_PATH=/opt/android-studio/bin:
SHELL=/bin/bash
DISPLAY=:0

Signal Handlers:
SIGSEGV: [libjvm.so+0xac4790], sa_mask[0]=11111111011111111101111111111110, sa_flags=SA_RESTART|SA_SIGINFO
SIGBUS: [libjvm.so+0xac4790], sa_mask[0]=11111111011111111101111111111110, sa_flags=SA_RESTART|SA_SIGINFO
SIGFPE: [libjvm.so+0x91f140], sa_mask[0]=11111111011111111101111111111110, sa_flags=SA_RESTART|SA_SIGINFO
SIGPIPE: [libjvm.so+0x91f140], sa_mask[0]=11111111011111111101111111111110, sa_flags=SA_RESTART|SA_SIGINFO
SIGXFSZ: [libjvm.so+0x91f140], sa_mask[0]=11111111011111111101111111111110, sa_flags=SA_RESTART|SA_SIGINFO
SIGILL: [libjvm.so+0x91f140], sa_mask[0]=11111111011111111101111111111110, sa_flags=SA_RESTART|SA_SIGINFO
SIGUSR1: SIG_DFL, sa_mask[0]=00000000000000000000000000000000, sa_flags=none
SIGUSR2: [libjvm.so+0x920770], sa_mask[0]=00100000000000000000000000000000, sa_flags=SA_RESTART|SA_SIGINFO
SIGHUP: [libjvm.so+0x921b70], sa_mask[0]=11111111011111111101111111111110, sa_flags=SA_RESTART|SA_SIGINFO
SIGINT: [libjvm.so+0x921b70], sa_mask[0]=11111111011111111101111111111110, sa_flags=SA_RESTART|SA_SIGINFO
SIGTERM: [libjvm.so+0x921b70], sa_mask[0]=11111111011111111101111111111110, sa_flags=SA_RESTART|SA_SIGINFO
SIGQUIT: [libjvm.so+0x921b70], sa_mask[0]=11111111011111111101111111111110, sa_flags=SA_RESTART|SA_SIGINFO


---------------  S Y S T E M  ---------------

OS:DISTRIB_ID=LinuxMint
DISTRIB_RELEASE=17.1
DISTRIB_CODENAME=rebecca
DISTRIB_DESCRIPTION="Linux Mint 17.1 Rebecca"

uname:Linux 3.13.0-37-generic #64-Ubuntu SMP Mon Sep 22 21:28:38 UTC 2014 x86_64
libc:glibc 2.19 NPTL 2.19 
rlimit: STACK 8192k, CORE 0k, NPROC 62695, NOFILE 4096, AS infinity
load average:13,22 7,13 4,43

/proc/meminfo:
MemTotal:        8056272 kB
MemFree:          106112 kB
Buffers:            1992 kB
Cached:          2417512 kB
SwapCached:        62764 kB
Active:          6502664 kB
Inactive:        1189868 kB
Active(anon):    6465868 kB
Inactive(anon):  1159428 kB
Active(file):      36796 kB
Inactive(file):    30440 kB
Unevictable:          96 kB
Mlocked:              96 kB
SwapTotal:       1952764 kB
SwapFree:              0 kB
Dirty:                 0 kB
Writeback:            12 kB
AnonPages:       5210536 kB
Mapped:           254244 kB
Shmem:           2351996 kB
Slab:              85052 kB
SReclaimable:      39384 kB
SUnreclaim:        45668 kB
KernelStack:        6800 kB
PageTables:        58496 kB
NFS_Unstable:          0 kB
Bounce:                0 kB
WritebackTmp:          0 kB
CommitLimit:     5980900 kB
Committed_AS:   16804412 kB
VmallocTotal:   34359738367 kB
VmallocUsed:      570408 kB
VmallocChunk:   34359100216 kB
HardwareCorrupted:     0 kB
AnonHugePages:   2148352 kB
HugePages_Total:       0
HugePages_Free:        0
HugePages_Rsvd:        0
HugePages_Surp:        0
Hugepagesize:       2048 kB
DirectMap4k:       97020 kB
DirectMap2M:     8171520 kB


CPU:total 4 (2 cores per cpu, 2 threads per core) family 6 model 58 stepping 9, cmov, cx8, fxsr, mmx, sse, sse2, sse3, ssse3, sse4.1, sse4.2, popcnt, avx, aes, clmul, erms, ht, tsc, tscinvbit, tscinv

/proc/cpuinfo:
processor	: 0
vendor_id	: GenuineIntel
cpu family	: 6
model		: 58
model name	: Intel(R) Core(TM) i5-3210M CPU @ 2.50GHz
stepping	: 9
microcode	: 0x15
cpu MHz		: 2501.000
cache size	: 3072 KB
physical id	: 0
siblings	: 4
core id		: 0
cpu cores	: 2
apicid		: 0
initial apicid	: 0
fpu		: yes
fpu_exception	: yes
cpuid level	: 13
wp		: yes
flags		: fpu vme de pse tsc msr pae mce cx8 apic sep mtrr pge mca cmov pat pse36 clflush dts acpi mmx fxsr sse sse2 ss ht tm pbe syscall nx rdtscp lm constant_tsc arch_perfmon pebs bts rep_good nopl xtopology nonstop_tsc aperfmperf eagerfpu pni pclmulqdq dtes64 monitor ds_cpl vmx est tm2 ssse3 cx16 xtpr pdcm pcid sse4_1 sse4_2 x2apic popcnt tsc_deadline_timer aes xsave avx f16c rdrand lahf_lm ida arat epb xsaveopt pln pts dtherm tpr_shadow vnmi flexpriority ept vpid fsgsbase smep erms
bogomips	: 4988.58
clflush size	: 64
cache_alignment	: 64
address sizes	: 36 bits physical, 48 bits virtual
power management:

processor	: 1
vendor_id	: GenuineIntel
cpu family	: 6
model		: 58
model name	: Intel(R) Core(TM) i5-3210M CPU @ 2.50GHz
stepping	: 9
microcode	: 0x15
cpu MHz		: 2501.000
cache size	: 3072 KB
physical id	: 0
siblings	: 4
core id		: 0
cpu cores	: 2
apicid		: 1
initial apicid	: 1
fpu		: yes
fpu_exception	: yes
cpuid level	: 13
wp		: yes
flags		: fpu vme de pse tsc msr pae mce cx8 apic sep mtrr pge mca cmov pat pse36 clflush dts acpi mmx fxsr sse sse2 ss ht tm pbe syscall nx rdtscp lm constant_tsc arch_perfmon pebs bts rep_good nopl xtopology nonstop_tsc aperfmperf eagerfpu pni pclmulqdq dtes64 monitor ds_cpl vmx est tm2 ssse3 cx16 xtpr pdcm pcid sse4_1 sse4_2 x2apic popcnt tsc_deadline_timer aes xsave avx f16c rdrand lahf_lm ida arat epb xsaveopt pln pts dtherm tpr_shadow vnmi flexpriority ept vpid fsgsbase smep erms
bogomips	: 4988.58
clflush size	: 64
cache_alignment	: 64
address sizes	: 36 bits physical, 48 bits virtual
power management:

processor	: 2
vendor_id	: GenuineIntel
cpu family	: 6
model		: 58
model name	: Intel(R) Core(TM) i5-3210M CPU @ 2.50GHz
stepping	: 9
microcode	: 0x15
cpu MHz		: 2501.000
cache size	: 3072 KB
physical id	: 0
siblings	: 4
core id		: 1
cpu cores	: 2
apicid		: 2
initial apicid	: 2
fpu		: yes
fpu_exception	: yes
cpuid level	: 13
wp		: yes
flags		: fpu vme de pse tsc msr pae mce cx8 apic sep mtrr pge mca cmov pat pse36 clflush dts acpi mmx fxsr sse sse2 ss ht tm pbe syscall nx rdtscp lm constant_tsc arch_perfmon pebs bts rep_good nopl xtopology nonstop_tsc aperfmperf eagerfpu pni pclmulqdq dtes64 monitor ds_cpl vmx est tm2 ssse3 cx16 xtpr pdcm pcid sse4_1 sse4_2 x2apic popcnt tsc_deadline_timer aes xsave avx f16c rdrand lahf_lm ida arat epb xsaveopt pln pts dtherm tpr_shadow vnmi flexpriority ept vpid fsgsbase smep erms
bogomips	: 4988.58
clflush size	: 64
cache_alignment	: 64
address sizes	: 36 bits physical, 48 bits virtual
power management:

processor	: 3
vendor_id	: GenuineIntel
cpu family	: 6
model		: 58
model name	: Intel(R) Core(TM) i5-3210M CPU @ 2.50GHz
stepping	: 9
microcode	: 0x15
cpu MHz		: 2501.000
cache size	: 3072 KB
physical id	: 0
siblings	: 4
core id		: 1
cpu cores	: 2
apicid		: 3
initial apicid	: 3
fpu		: yes
fpu_exception	: yes
cpuid level	: 13
wp		: yes
flags		: fpu vme de pse tsc msr pae mce cx8 apic sep mtrr pge mca cmov pat pse36 clflush dts acpi mmx fxsr sse sse2 ss ht tm pbe syscall nx rdtscp lm constant_tsc arch_perfmon pebs bts rep_good nopl xtopology nonstop_tsc aperfmperf eagerfpu pni pclmulqdq dtes64 monitor ds_cpl vmx est tm2 ssse3 cx16 xtpr pdcm pcid sse4_1 sse4_2 x2apic popcnt tsc_deadline_timer aes xsave avx f16c rdrand lahf_lm ida arat epb xsaveopt pln pts dtherm tpr_shadow vnmi flexpriority ept vpid fsgsbase smep erms
bogomips	: 4988.58
clflush size	: 64
cache_alignment	: 64
address sizes	: 36 bits physical, 48 bits virtual
power management:



Memory: 4k page, physical 8056272k(106112k free), swap 1952764k(0k free)

vm_info: Java HotSpot(TM) 64-Bit Server VM (25.101-b13) for linux-amd64 JRE (1.8.0_101-b13), built on Jun 22 2016 02:59:44 by "java_re" with gcc 4.3.0 20080428 (Red Hat 4.3.0-8)

time: Wed Sep  7 14:26:05 2016
elapsed time: 14 seconds (0d 0h 0m 14s)

