#
# There is insufficient memory for the Java Runtime Environment to continue.
# Native memory allocation (mmap) failed to map 171966464 bytes for committing reserved memory.
# Possible reasons:
#   The system is out of physical RAM or swap space
#   In 32 bit mode, the process size limit was hit
# Possible solutions:
#   Reduce memory load on the system
#   Increase physical memory or swap space
#   Check if swap backing store is full
#   Use 64 bit Java on a 64 bit OS
#   Decrease Java heap size (-Xmx/-Xms)
#   Decrease number of Java threads
#   Decrease Java thread stack sizes (-Xss)
#   Set larger code cache with -XX:ReservedCodeCacheSize=
# This output file may be truncated or incomplete.
#
#  Out of Memory Error (os_linux.cpp:2627), pid=31367, tid=0x00007ffa40717700
#
# JRE version: Java(TM) SE Runtime Environment (8.0_101-b13) (build 1.8.0_101-b13)
# Java VM: Java HotSpot(TM) 64-Bit Server VM (25.101-b13 mixed mode linux-amd64 compressed oops)
# Failed to write core dump. Core dumps have been disabled. To enable core dumping, try "ulimit -c unlimited" before starting Java again
#

---------------  T H R E A D  ---------------

Current thread (0x00007ffa58078000):  VMThread [stack: 0x00007ffa40617000,0x00007ffa40718000] [id=31382]

Stack: [0x00007ffa40617000,0x00007ffa40718000],  sp=0x00007ffa40716160,  free space=1020k
Native frames: (J=compiled Java code, j=interpreted, Vv=VM code, C=native code)
V  [libjvm.so+0xac3f0a]  VMError::report_and_die()+0x2ba
V  [libjvm.so+0x4fbf9b]  report_vm_out_of_memory(char const*, int, unsigned long, VMErrorType, char const*)+0x8b
V  [libjvm.so+0x9222d3]  os::Linux::commit_memory_impl(char*, unsigned long, bool)+0x103
V  [libjvm.so+0x922829]  os::pd_commit_memory(char*, unsigned long, unsigned long, bool)+0x29
V  [libjvm.so+0x91cb2a]  os::commit_memory(char*, unsigned long, unsigned long, bool)+0x2a
V  [libjvm.so+0x991053]  PSVirtualSpace::expand_by(unsigned long)+0x53
V  [libjvm.so+0x992458]  PSYoungGen::resize_generation(unsigned long, unsigned long)+0xf8
V  [libjvm.so+0x9915b2]  PSYoungGen::resize(unsigned long, unsigned long)+0x22
V  [libjvm.so+0x98e88b]  PSScavenge::invoke_no_policy()+0xf3b
V  [libjvm.so+0x98f011]  PSScavenge::invoke()+0x41
V  [libjvm.so+0x945fc0]  ParallelScavengeHeap::failed_mem_allocate(unsigned long)+0x70
V  [libjvm.so+0xac5927]  VM_ParallelGCFailedAllocation::doit()+0x97
V  [libjvm.so+0xacd405]  VM_Operation::evaluate()+0x55
V  [libjvm.so+0xacb7da]  VMThread::evaluate_operation(VM_Operation*)+0xba
V  [libjvm.so+0xacbb5e]  VMThread::loop()+0x1ce
V  [libjvm.so+0xacbfd0]  VMThread::run()+0x70
V  [libjvm.so+0x924698]  java_start(Thread*)+0x108

VM_Operation (0x00007ffa5eddf660): ParallelGCFailedAllocation, mode: safepoint, requested by thread 0x00007ffa5800a000


---------------  P R O C E S S  ---------------

Java Threads: ( => current thread )
  0x00007ffa5813f800 JavaThread "pool-1-thread-4" [_thread_blocked, id=31416, stack(0x00007ffa2b5f6000,0x00007ffa2b6f7000)]
  0x00007ffa5813e000 JavaThread "pool-1-thread-3" [_thread_blocked, id=31415, stack(0x00007ffa2b6f7000,0x00007ffa2b7f8000)]
  0x00007ffa5813d000 JavaThread "pool-1-thread-2" [_thread_blocked, id=31413, stack(0x00007ffa2b7f8000,0x00007ffa2b8f9000)]
  0x00007ffa5813b000 JavaThread "pool-2-thread-1" [_thread_blocked, id=31411, stack(0x00007ffa2b8f9000,0x00007ffa2b9fa000)]
  0x00007ffa58138800 JavaThread "pool-1-thread-1" [_thread_blocked, id=31410, stack(0x00007ffa2b9fa000,0x00007ffa2bafb000)]
  0x00007ffa580c0000 JavaThread "Service Thread" daemon [_thread_blocked, id=31390, stack(0x00007ffa2bbfc000,0x00007ffa2bcfd000)]
  0x00007ffa580bd800 JavaThread "C1 CompilerThread2" daemon [_thread_blocked, id=31389, stack(0x00007ffa2bcfd000,0x00007ffa2bdfe000)]
  0x00007ffa580bb800 JavaThread "C2 CompilerThread1" daemon [_thread_blocked, id=31388, stack(0x00007ffa2bdfe000,0x00007ffa2beff000)]
  0x00007ffa580b8800 JavaThread "C2 CompilerThread0" daemon [_thread_in_native, id=31387, stack(0x00007ffa2beff000,0x00007ffa2c000000)]
  0x00007ffa580b7000 JavaThread "Signal Dispatcher" daemon [_thread_blocked, id=31386, stack(0x00007ffa4004a000,0x00007ffa4014b000)]
  0x00007ffa58084000 JavaThread "Finalizer" daemon [_thread_blocked, id=31384, stack(0x00007ffa40415000,0x00007ffa40516000)]
  0x00007ffa5807f800 JavaThread "Reference Handler" daemon [_thread_blocked, id=31383, stack(0x00007ffa40516000,0x00007ffa40617000)]
  0x00007ffa5800a000 JavaThread "main" [_thread_blocked, id=31369, stack(0x00007ffa5ece1000,0x00007ffa5ede2000)]

Other Threads:
=>0x00007ffa58078000 VMThread [stack: 0x00007ffa40617000,0x00007ffa40718000] [id=31382]
  0x00007ffa580c3000 WatcherThread [stack: 0x00007ffa2bafb000,0x00007ffa2bbfc000] [id=31391]

VM state:at safepoint (normal execution)

VM Mutex/Monitor currently owned by a thread:  ([mutex/lock_event])
[0x00007ffa58006360] Threads_lock - owner thread: 0x00007ffa58078000
[0x00007ffa58006860] Heap_lock - owner thread: 0x00007ffa5800a000

Heap:
 PSYoungGen      total 132096K, used 5109K [0x00000000eab00000, 0x00000000f3100000, 0x0000000100000000)
  eden space 126976K, 0% used [0x00000000eab00000,0x00000000eab00000,0x00000000f2700000)
  from space 5120K, 99% used [0x00000000f2700000,0x00000000f2bfd580,0x00000000f2c00000)
  to   space 5120K, 0% used [0x00000000f2c00000,0x00000000f2c00000,0x00000000f3100000)
 ParOldGen       total 84992K, used 41987K [0x00000000c0000000, 0x00000000c5300000, 0x00000000eab00000)
  object space 84992K, 49% used [0x00000000c0000000,0x00000000c2900ef8,0x00000000c5300000)
 Metaspace       used 6224K, capacity 7128K, committed 7424K, reserved 1056768K
  class space    used 614K, capacity 656K, committed 768K, reserved 1048576K

Card table byte_map: [0x00007ffa48824000,0x00007ffa48a25000] byte_map_base: 0x00007ffa48224000

Marking Bits: (ParMarkBitMap*) 0x00007ffa5e1bd120
 Begin Bits: [0x00007ffa42000000, 0x00007ffa43000000)
 End Bits:   [0x00007ffa43000000, 0x00007ffa44000000)

Polling page: 0x00007ffa5ee06000

CodeCache: size=245760Kb used=6335Kb max_used=6335Kb free=239424Kb
 bounds [0x00007ffa48de5000, 0x00007ffa49425000, 0x00007ffa57de5000]
 total_blobs=1849 nmethods=1581 adapters=182
 compilation: enabled

Compilation events (10 events):
Event: 10,247 Thread 0x00007ffa580bd800 nmethod 1948 0x00007ffa49417ad0 code [0x00007ffa49417c80, 0x00007ffa49418018]
Event: 10,247 Thread 0x00007ffa580bd800 2033       2       com.android.dx.ssa.SsaInsn::setResult (20 bytes)
Event: 10,247 Thread 0x00007ffa580bd800 nmethod 2033 0x00007ffa49418290 code [0x00007ffa49418400, 0x00007ffa49418608]
Event: 10,247 Thread 0x00007ffa580bd800 2000       2       com.android.dx.rop.code.Insn$BaseVisitor::<init> (5 bytes)
Event: 10,247 Thread 0x00007ffa580bd800 nmethod 2000 0x00007ffa494186d0 code [0x00007ffa49418820, 0x00007ffa49418970]
Event: 10,247 Thread 0x00007ffa580bd800 2004       2       com.android.dx.dex.code.RopTranslator$1::<init> (20 bytes)
Event: 10,247 Thread 0x00007ffa580bd800 nmethod 2004 0x00007ffa49418a10 code [0x00007ffa49418b60, 0x00007ffa49418cd0]
Event: 10,247 Thread 0x00007ffa580bd800  970       1       com.android.dx.cf.code.RopperMachine::getReturnOp (5 bytes)
Event: 10,248 Thread 0x00007ffa580bd800 nmethod 970 0x00007ffa49418d50 code [0x00007ffa49418ea0, 0x00007ffa49418fb0]
Event: 10,248 Thread 0x00007ffa580bd800 2023       2       com.android.dx.rop.code.Rops::opPutField (97 bytes)

GC Heap History (9 events):
Event: 4,383 GC heap before
{Heap before GC invocations=1 (full 0):
 PSYoungGen      total 36864K, used 31744K [0x00000000eab00000, 0x00000000ed400000, 0x0000000100000000)
  eden space 31744K, 100% used [0x00000000eab00000,0x00000000eca00000,0x00000000eca00000)
  from space 5120K, 0% used [0x00000000ecf00000,0x00000000ecf00000,0x00000000ed400000)
  to   space 5120K, 0% used [0x00000000eca00000,0x00000000eca00000,0x00000000ecf00000)
 ParOldGen       total 84992K, used 0K [0x00000000c0000000, 0x00000000c5300000, 0x00000000eab00000)
  object space 84992K, 0% used [0x00000000c0000000,0x00000000c0000000,0x00000000c5300000)
 Metaspace       used 5774K, capacity 6768K, committed 7040K, reserved 1056768K
  class space    used 593K, capacity 616K, committed 640K, reserved 1048576K
Event: 4,921 GC heap after
Heap after GC invocations=1 (full 0):
 PSYoungGen      total 36864K, used 5106K [0x00000000eab00000, 0x00000000ef300000, 0x0000000100000000)
  eden space 31744K, 0% used [0x00000000eab00000,0x00000000eab00000,0x00000000eca00000)
  from space 5120K, 99% used [0x00000000eca00000,0x00000000ecefcbb0,0x00000000ecf00000)
  to   space 5120K, 0% used [0x00000000eee00000,0x00000000eee00000,0x00000000ef300000)
 ParOldGen       total 84992K, used 825K [0x00000000c0000000, 0x00000000c5300000, 0x00000000eab00000)
  object space 84992K, 0% used [0x00000000c0000000,0x00000000c00ce7c8,0x00000000c5300000)
 Metaspace       used 5774K, capacity 6768K, committed 7040K, reserved 1056768K
  class space    used 593K, capacity 616K, committed 640K, reserved 1048576K
}
Event: 6,147 GC heap before
{Heap before GC invocations=2 (full 0):
 PSYoungGen      total 36864K, used 36850K [0x00000000eab00000, 0x00000000ef300000, 0x0000000100000000)
  eden space 31744K, 100% used [0x00000000eab00000,0x00000000eca00000,0x00000000eca00000)
  from space 5120K, 99% used [0x00000000eca00000,0x00000000ecefcbb0,0x00000000ecf00000)
  to   space 5120K, 0% used [0x00000000eee00000,0x00000000eee00000,0x00000000ef300000)
 ParOldGen       total 84992K, used 825K [0x00000000c0000000, 0x00000000c5300000, 0x00000000eab00000)
  object space 84992K, 0% used [0x00000000c0000000,0x00000000c00ce7c8,0x00000000c5300000)
 Metaspace       used 5859K, capacity 6832K, committed 7040K, reserved 1056768K
  class space    used 593K, capacity 616K, committed 640K, reserved 1048576K
Event: 6,305 GC heap after
Heap after GC invocations=2 (full 0):
 PSYoungGen      total 68608K, used 5097K [0x00000000eab00000, 0x00000000ef300000, 0x0000000100000000)
  eden space 63488K, 0% used [0x00000000eab00000,0x00000000eab00000,0x00000000ee900000)
  from space 5120K, 99% used [0x00000000eee00000,0x00000000ef2fa6d8,0x00000000ef300000)
  to   space 5120K, 0% used [0x00000000ee900000,0x00000000ee900000,0x00000000eee00000)
 ParOldGen       total 84992K, used 4758K [0x00000000c0000000, 0x00000000c5300000, 0x00000000eab00000)
  object space 84992K, 5% used [0x00000000c0000000,0x00000000c04a59d0,0x00000000c5300000)
 Metaspace       used 5859K, capacity 6832K, committed 7040K, reserved 1056768K
  class space    used 593K, capacity 616K, committed 640K, reserved 1048576K
}
Event: 7,306 GC heap before
{Heap before GC invocations=3 (full 0):
 PSYoungGen      total 68608K, used 68585K [0x00000000eab00000, 0x00000000ef300000, 0x0000000100000000)
  eden space 63488K, 100% used [0x00000000eab00000,0x00000000ee900000,0x00000000ee900000)
  from space 5120K, 99% used [0x00000000eee00000,0x00000000ef2fa6d8,0x00000000ef300000)
  to   space 5120K, 0% used [0x00000000ee900000,0x00000000ee900000,0x00000000eee00000)
 ParOldGen       total 84992K, used 4758K [0x00000000c0000000, 0x00000000c5300000, 0x00000000eab00000)
  object space 84992K, 5% used [0x00000000c0000000,0x00000000c04a59d0,0x00000000c5300000)
 Metaspace       used 5934K, capacity 6896K, committed 7040K, reserved 1056768K
  class space    used 594K, capacity 616K, committed 640K, reserved 1048576K
Event: 7,462 GC heap after
Heap after GC invocations=3 (full 0):
 PSYoungGen      total 68608K, used 5099K [0x00000000eab00000, 0x00000000f3100000, 0x0000000100000000)
  eden space 63488K, 0% used [0x00000000eab00000,0x00000000eab00000,0x00000000ee900000)
  from space 5120K, 99% used [0x00000000ee900000,0x00000000eedfaf58,0x00000000eee00000)
  to   space 5120K, 0% used [0x00000000f2c00000,0x00000000f2c00000,0x00000000f3100000)
 ParOldGen       total 84992K, used 13637K [0x00000000c0000000, 0x00000000c5300000, 0x00000000eab00000)
  object space 84992K, 16% used [0x00000000c0000000,0x00000000c0d517d8,0x00000000c5300000)
 Metaspace       used 5934K, capacity 6896K, committed 7040K, reserved 1056768K
  class space    used 594K, capacity 616K, committed 640K, reserved 1048576K
}
Event: 8,572 GC heap before
{Heap before GC invocations=4 (full 0):
 PSYoungGen      total 68608K, used 68587K [0x00000000eab00000, 0x00000000f3100000, 0x0000000100000000)
  eden space 63488K, 100% used [0x00000000eab00000,0x00000000ee900000,0x00000000ee900000)
  from space 5120K, 99% used [0x00000000ee900000,0x00000000eedfaf58,0x00000000eee00000)
  to   space 5120K, 0% used [0x00000000f2c00000,0x00000000f2c00000,0x00000000f3100000)
 ParOldGen       total 84992K, used 13637K [0x00000000c0000000, 0x00000000c5300000, 0x00000000eab00000)
  object space 84992K, 16% used [0x00000000c0000000,0x00000000c0d517d8,0x00000000c5300000)
 Metaspace       used 5971K, capacity 6960K, committed 7040K, reserved 1056768K
  class space    used 594K, capacity 616K, committed 640K, reserved 1048576K
Event: 8,688 GC heap after
Heap after GC invocations=4 (full 0):
 PSYoungGen      total 132096K, used 5118K [0x00000000eab00000, 0x00000000f3100000, 0x0000000100000000)
  eden space 126976K, 0% used [0x00000000eab00000,0x00000000eab00000,0x00000000f2700000)
  from space 5120K, 99% used [0x00000000f2c00000,0x00000000f30ffba0,0x00000000f3100000)
  to   space 5120K, 0% used [0x00000000f2700000,0x00000000f2700000,0x00000000f2c00000)
 ParOldGen       total 84992K, used 23203K [0x00000000c0000000, 0x00000000c5300000, 0x00000000eab00000)
  object space 84992K, 27% used [0x00000000c0000000,0x00000000c16a8eb0,0x00000000c5300000)
 Metaspace       used 5971K, capacity 6960K, committed 7040K, reserved 1056768K
  class space    used 594K, capacity 616K, committed 640K, reserved 1048576K
}
Event: 10,268 GC heap before
{Heap before GC invocations=5 (full 0):
 PSYoungGen      total 132096K, used 132094K [0x00000000eab00000, 0x00000000f3100000, 0x0000000100000000)
  eden space 126976K, 100% used [0x00000000eab00000,0x00000000f2700000,0x00000000f2700000)
  from space 5120K, 99% used [0x00000000f2c00000,0x00000000f30ffba0,0x00000000f3100000)
  to   space 5120K, 0% used [0x00000000f2700000,0x00000000f2700000,0x00000000f2c00000)
 ParOldGen       total 84992K, used 23203K [0x00000000c0000000, 0x00000000c5300000, 0x00000000eab00000)
  object space 84992K, 27% used [0x00000000c0000000,0x00000000c16a8eb0,0x00000000c5300000)
 Metaspace       used 6224K, capacity 7128K, committed 7424K, reserved 1056768K
  class space    used 614K, capacity 656K, committed 768K, reserved 1048576K

Deoptimization events (10 events):
Event: 6,453 Thread 0x00007ffa5800a000 Uncommon trap: reason=unstable_if action=reinterpret pc=0x00007ffa48fef228 method=java.lang.String.<init>([CII)V @ 18
Event: 7,046 Thread 0x00007ffa58138800 Uncommon trap: reason=unstable_if action=reinterpret pc=0x00007ffa49202144 method=com.android.dx.util.IntList.binarysearch(I)I @ 105
Event: 7,224 Thread 0x00007ffa5813d000 Uncommon trap: reason=unstable_if action=reinterpret pc=0x00007ffa492024fc method=com.android.dx.ssa.SsaMethod.updateOneDefinition(Lcom/android/dx/ssa/SsaInsn;Lcom/android/dx/rop/code/RegisterSpec;)V @ 4
Event: 8,109 Thread 0x00007ffa5800a000 Uncommon trap: reason=unstable_if action=reinterpret pc=0x00007ffa49272718 method=java.util.HashMap.putVal(ILjava/lang/Object;Ljava/lang/Object;ZZ)Ljava/lang/Object; @ 94
Event: 8,765 Thread 0x00007ffa5813f800 Uncommon trap: reason=unstable_if action=reinterpret pc=0x00007ffa49175c74 method=java.util.HashMap.putVal(ILjava/lang/Object;Ljava/lang/Object;ZZ)Ljava/lang/Object; @ 162
Event: 8,784 Thread 0x00007ffa5813f800 Uncommon trap: reason=unstable_if action=reinterpret pc=0x00007ffa493116b8 method=com.android.dx.ssa.SCCP.simulateStmt(Lcom/android/dx/ssa/SsaInsn;)V @ 59
Event: 8,790 Thread 0x00007ffa5800a000 Uncommon trap: reason=unstable_if action=reinterpret pc=0x00007ffa491ca8e0 method=java.util.HashMap.putVal(ILjava/lang/Object;Ljava/lang/Object;ZZ)Ljava/lang/Object; @ 162
Event: 8,790 Thread 0x00007ffa5800a000 Uncommon trap: reason=unstable_if action=reinterpret pc=0x00007ffa491652cc method=java.util.HashMap.getNode(ILjava/lang/Object;)Ljava/util/HashMap$Node; @ 84
Event: 8,790 Thread 0x00007ffa5813e000 Uncommon trap: reason=unstable_if action=reinterpret pc=0x00007ffa490adf2c method=java.util.HashMap.getNode(ILjava/lang/Object;)Ljava/util/HashMap$Node; @ 84
Event: 9,626 Thread 0x00007ffa5813f800 Uncommon trap: reason=unstable_if action=reinterpret pc=0x00007ffa491f9e10 method=com.android.dx.dex.code.OutputFinisher.hasLocalInfo(Lcom/android/dx/dex/code/DalvInsn;)Z @ 24

Internal exceptions (6 events):
Event: 0,280 Thread 0x00007ffa5800a000 Exception <a 'java/lang/NoSuchMethodError': Method sun.misc.Unsafe.defineClass(Ljava/lang/String;[BII)Ljava/lang/Class; name or signature does not match> (0x00000000eab07cc0) thrown at [/HUDSON3/workspace/8-2-build-linux-amd64/jdk8u101/7261/hotspot/src/sh
Event: 0,281 Thread 0x00007ffa5800a000 Exception <a 'java/lang/NoSuchMethodError': Method sun.misc.Unsafe.prefetchRead(Ljava/lang/Object;J)V name or signature does not match> (0x00000000eab07fa8) thrown at [/HUDSON3/workspace/8-2-build-linux-amd64/jdk8u101/7261/hotspot/src/share/vm/prims/jni.c
Event: 5,699 Thread 0x00007ffa5813e000 Implicit null exception at 0x00007ffa49094324 to 0x00007ffa49096d35
Event: 8,769 Thread 0x00007ffa5813f800 Exception <a 'java/lang/ArrayIndexOutOfBoundsException': 18> (0x00000000eacf2768) thrown at [/HUDSON3/workspace/8-2-build-linux-amd64/jdk8u101/7261/hotspot/src/share/vm/interpreter/interpreterRuntime.cpp, line 366]
Event: 8,769 Thread 0x00007ffa5813f800 Exception <a 'java/lang/ArrayIndexOutOfBoundsException': 145> (0x00000000eacf42e8) thrown at [/HUDSON3/workspace/8-2-build-linux-amd64/jdk8u101/7261/hotspot/src/share/vm/interpreter/interpreterRuntime.cpp, line 366]
Event: 8,774 Thread 0x00007ffa5813f800 Exception <a 'java/lang/ArrayIndexOutOfBoundsException': 40> (0x00000000eacf55d0) thrown at [/HUDSON3/workspace/8-2-build-linux-amd64/jdk8u101/7261/hotspot/src/share/vm/interpreter/interpreterRuntime.cpp, line 366]

Events (10 events):
Event: 9,839 Thread 0x00007ffa58138800 DEOPT UNPACKING pc=0x00007ffa48e2c633 sp=0x00007ffa2baf8d90 mode 0
Event: 9,911 Thread 0x00007ffa5813d000 DEOPT PACKING pc=0x00007ffa48ffd6b9 sp=0x00007ffa2b8f7140
Event: 9,911 Thread 0x00007ffa5813d000 DEOPT UNPACKING pc=0x00007ffa48e2c633 sp=0x00007ffa2b8f6e90 mode 0
Event: 10,027 Thread 0x00007ffa5813e000 DEOPT PACKING pc=0x00007ffa4918d56c sp=0x00007ffa2b7f5de0
Event: 10,027 Thread 0x00007ffa5813e000 DEOPT UNPACKING pc=0x00007ffa48e2c633 sp=0x00007ffa2b7f5ae0 mode 0
Event: 10,129 Thread 0x00007ffa5813f800 DEOPT PACKING pc=0x00007ffa4929f2c9 sp=0x00007ffa2b6f4e20
Event: 10,129 Thread 0x00007ffa5813f800 DEOPT UNPACKING pc=0x00007ffa48e2c633 sp=0x00007ffa2b6f4c00 mode 0
Event: 10,186 Thread 0x00007ffa58138800 DEOPT PACKING pc=0x00007ffa492a31f7 sp=0x00007ffa2baf9030
Event: 10,186 Thread 0x00007ffa58138800 DEOPT UNPACKING pc=0x00007ffa48e2c633 sp=0x00007ffa2baf8dc8 mode 0
Event: 10,261 Executing VM operation: ParallelGCFailedAllocation


Dynamic libraries:
00400000-00401000 r-xp 00000000 08:04 1473344                            /opt/java/64/bin/java
00600000-00601000 rw-p 00000000 08:04 1473344                            /opt/java/64/bin/java
01d16000-01d37000 rw-p 00000000 00:00 0                                  [heap]
c0000000-c5300000 rw-p 00000000 00:00 0 
c5300000-eab00000 ---p 00000000 00:00 0 
eab00000-f3100000 rw-p 00000000 00:00 0 
fd500000-100000000 ---p 00000000 00:00 0 
100000000-1000c0000 rw-p 00000000 00:00 0 
1000c0000-140000000 ---p 00000000 00:00 0 
7ff9f8000000-7ff9f8025000 rw-p 00000000 00:00 0 
7ff9f8025000-7ff9fc000000 ---p 00000000 00:00 0 
7ff9fc000000-7ff9fc021000 rw-p 00000000 00:00 0 
7ff9fc021000-7ffa00000000 ---p 00000000 00:00 0 
7ffa00000000-7ffa00021000 rw-p 00000000 00:00 0 
7ffa00021000-7ffa04000000 ---p 00000000 00:00 0 
7ffa04000000-7ffa0402a000 rw-p 00000000 00:00 0 
7ffa0402a000-7ffa08000000 ---p 00000000 00:00 0 
7ffa08000000-7ffa08021000 rw-p 00000000 00:00 0 
7ffa08021000-7ffa0c000000 ---p 00000000 00:00 0 
7ffa0c000000-7ffa0c034000 rw-p 00000000 00:00 0 
7ffa0c034000-7ffa10000000 ---p 00000000 00:00 0 
7ffa10000000-7ffa107d5000 rw-p 00000000 00:00 0 
7ffa107d5000-7ffa14000000 ---p 00000000 00:00 0 
7ffa14000000-7ffa14021000 rw-p 00000000 00:00 0 
7ffa14021000-7ffa18000000 ---p 00000000 00:00 0 
7ffa18000000-7ffa1888d000 rw-p 00000000 00:00 0 
7ffa1888d000-7ffa1c000000 ---p 00000000 00:00 0 
7ffa1c000000-7ffa1c63a000 rw-p 00000000 00:00 0 
7ffa1c63a000-7ffa20000000 ---p 00000000 00:00 0 
7ffa20000000-7ffa20021000 rw-p 00000000 00:00 0 
7ffa20021000-7ffa24000000 ---p 00000000 00:00 0 
7ffa24000000-7ffa24021000 rw-p 00000000 00:00 0 
7ffa24021000-7ffa28000000 ---p 00000000 00:00 0 
7ffa2b5f6000-7ffa2b5f9000 ---p 00000000 00:00 0 
7ffa2b5f9000-7ffa2b6f7000 rw-p 00000000 00:00 0                          [stack:31416]
7ffa2b6f7000-7ffa2b6fa000 ---p 00000000 00:00 0 
7ffa2b6fa000-7ffa2b7f8000 rw-p 00000000 00:00 0                          [stack:31415]
7ffa2b7f8000-7ffa2b7fb000 ---p 00000000 00:00 0 
7ffa2b7fb000-7ffa2b8f9000 rw-p 00000000 00:00 0                          [stack:31413]
7ffa2b8f9000-7ffa2b8fc000 ---p 00000000 00:00 0 
7ffa2b8fc000-7ffa2b9fa000 rw-p 00000000 00:00 0                          [stack:31411]
7ffa2b9fa000-7ffa2b9fd000 ---p 00000000 00:00 0 
7ffa2b9fd000-7ffa2bafb000 rw-p 00000000 00:00 0                          [stack:31410]
7ffa2bafb000-7ffa2bafc000 ---p 00000000 00:00 0 
7ffa2bafc000-7ffa2bbfc000 rw-p 00000000 00:00 0                          [stack:31391]
7ffa2bbfc000-7ffa2bbff000 ---p 00000000 00:00 0 
7ffa2bbff000-7ffa2bcfd000 rw-p 00000000 00:00 0                          [stack:31390]
7ffa2bcfd000-7ffa2bd00000 ---p 00000000 00:00 0 
7ffa2bd00000-7ffa2bdfe000 rw-p 00000000 00:00 0                          [stack:31389]
7ffa2bdfe000-7ffa2be01000 ---p 00000000 00:00 0 
7ffa2be01000-7ffa2beff000 rw-p 00000000 00:00 0                          [stack:31388]
7ffa2beff000-7ffa2bf02000 ---p 00000000 00:00 0 
7ffa2bf02000-7ffa2c000000 rw-p 00000000 00:00 0                          [stack:31387]
7ffa2c000000-7ffa2c28d000 rw-p 00000000 00:00 0 
7ffa2c28d000-7ffa30000000 ---p 00000000 00:00 0 
7ffa30000000-7ffa30021000 rw-p 00000000 00:00 0 
7ffa30021000-7ffa34000000 ---p 00000000 00:00 0 
7ffa34000000-7ffa34021000 rw-p 00000000 00:00 0 
7ffa34021000-7ffa38000000 ---p 00000000 00:00 0 
7ffa38000000-7ffa38021000 rw-p 00000000 00:00 0 
7ffa38021000-7ffa3c000000 ---p 00000000 00:00 0 
7ffa3c000000-7ffa3c021000 rw-p 00000000 00:00 0 
7ffa3c021000-7ffa40000000 ---p 00000000 00:00 0 
7ffa4004a000-7ffa4004d000 ---p 00000000 00:00 0 
7ffa4004d000-7ffa4014b000 rw-p 00000000 00:00 0                          [stack:31386]
7ffa4014b000-7ffa40415000 r--p 00000000 08:04 2628943                    /usr/lib/locale/locale-archive
7ffa40415000-7ffa40418000 ---p 00000000 00:00 0 
7ffa40418000-7ffa40516000 rw-p 00000000 00:00 0                          [stack:31384]
7ffa40516000-7ffa40519000 ---p 00000000 00:00 0 
7ffa40519000-7ffa40617000 rw-p 00000000 00:00 0                          [stack:31383]
7ffa40617000-7ffa40618000 ---p 00000000 00:00 0 
7ffa40618000-7ffa41627000 rw-p 00000000 00:00 0                          [stack:31382]
7ffa41627000-7ffa41800000 r--s 03d29000 08:04 1473432                    /opt/java/64/jre/lib/rt.jar
7ffa41800000-7ffa41e80000 rw-p 00000000 00:00 0 
7ffa41e80000-7ffa42000000 ---p 00000000 00:00 0 
7ffa42000000-7ffa44000000 rw-p 00000000 00:00 0 
7ffa44000000-7ffa44021000 rw-p 00000000 00:00 0 
7ffa44021000-7ffa48000000 ---p 00000000 00:00 0 
7ffa4800d000-7ffa48017000 r--s 00098000 08:04 1839599                    /home/rodrigo/AndroidStudioProjects/FireTODOList/app/build/intermediates/exploded-aar/com.android.support/appcompat-v7/24.2.0/jars/classes.jar
7ffa48017000-7ffa48025000 r--s 000e0000 08:04 1707089                    /home/rodrigo/Android/Sdk/build-tools/24.0.1/lib/dx.jar
7ffa48025000-7ffa482ca000 rw-p 00000000 00:00 0 
7ffa482ca000-7ffa482cb000 ---p 00000000 00:00 0 
7ffa482cb000-7ffa483cb000 rw-p 00000000 00:00 0                          [stack:31381]
7ffa483cb000-7ffa483cc000 ---p 00000000 00:00 0 
7ffa483cc000-7ffa484cc000 rw-p 00000000 00:00 0                          [stack:31378]
7ffa484cc000-7ffa484cd000 ---p 00000000 00:00 0 
7ffa484cd000-7ffa485cd000 rw-p 00000000 00:00 0                          [stack:31376]
7ffa485cd000-7ffa485ce000 ---p 00000000 00:00 0 
7ffa485ce000-7ffa486f8000 rw-p 00000000 00:00 0                          [stack:31374]
7ffa486f8000-7ffa48824000 ---p 00000000 00:00 0 
7ffa48824000-7ffa4884e000 rw-p 00000000 00:00 0 
7ffa4884e000-7ffa48979000 ---p 00000000 00:00 0 
7ffa48979000-7ffa489bd000 rw-p 00000000 00:00 0 
7ffa489bd000-7ffa48a24000 ---p 00000000 00:00 0 
7ffa48a24000-7ffa48a3e000 rw-p 00000000 00:00 0 
7ffa48a3e000-7ffa48de5000 ---p 00000000 00:00 0 
7ffa48de5000-7ffa49425000 rwxp 00000000 00:00 0 
7ffa49425000-7ffa57de5000 ---p 00000000 00:00 0 
7ffa57de5000-7ffa57dff000 r-xp 00000000 08:04 1473461                    /opt/java/64/jre/lib/amd64/libzip.so
7ffa57dff000-7ffa57fff000 ---p 0001a000 08:04 1473461                    /opt/java/64/jre/lib/amd64/libzip.so
7ffa57fff000-7ffa58000000 rw-p 0001a000 08:04 1473461                    /opt/java/64/jre/lib/amd64/libzip.so
7ffa58000000-7ffa5838d000 rw-p 00000000 00:00 0 
7ffa5838d000-7ffa5c000000 ---p 00000000 00:00 0 
7ffa5c002000-7ffa5c078000 rw-p 00000000 00:00 0 
7ffa5c078000-7ffa5c082000 r-xp 00000000 08:04 525093                     /lib/x86_64-linux-gnu/libnss_files-2.19.so
7ffa5c082000-7ffa5c281000 ---p 0000a000 08:04 525093                     /lib/x86_64-linux-gnu/libnss_files-2.19.so
7ffa5c281000-7ffa5c282000 r--p 00009000 08:04 525093                     /lib/x86_64-linux-gnu/libnss_files-2.19.so
7ffa5c282000-7ffa5c283000 rw-p 0000a000 08:04 525093                     /lib/x86_64-linux-gnu/libnss_files-2.19.so
7ffa5c283000-7ffa5c28e000 r-xp 00000000 08:04 525085                     /lib/x86_64-linux-gnu/libnss_nis-2.19.so
7ffa5c28e000-7ffa5c48d000 ---p 0000b000 08:04 525085                     /lib/x86_64-linux-gnu/libnss_nis-2.19.so
7ffa5c48d000-7ffa5c48e000 r--p 0000a000 08:04 525085                     /lib/x86_64-linux-gnu/libnss_nis-2.19.so
7ffa5c48e000-7ffa5c48f000 rw-p 0000b000 08:04 525085                     /lib/x86_64-linux-gnu/libnss_nis-2.19.so
7ffa5c48f000-7ffa5c4a6000 r-xp 00000000 08:04 525081                     /lib/x86_64-linux-gnu/libnsl-2.19.so
7ffa5c4a6000-7ffa5c6a5000 ---p 00017000 08:04 525081                     /lib/x86_64-linux-gnu/libnsl-2.19.so
7ffa5c6a5000-7ffa5c6a6000 r--p 00016000 08:04 525081                     /lib/x86_64-linux-gnu/libnsl-2.19.so
7ffa5c6a6000-7ffa5c6a7000 rw-p 00017000 08:04 525081                     /lib/x86_64-linux-gnu/libnsl-2.19.so
7ffa5c6a7000-7ffa5c6a9000 rw-p 00000000 00:00 0 
7ffa5c6a9000-7ffa5c6b2000 r-xp 00000000 08:04 525080                     /lib/x86_64-linux-gnu/libnss_compat-2.19.so
7ffa5c6b2000-7ffa5c8b1000 ---p 00009000 08:04 525080                     /lib/x86_64-linux-gnu/libnss_compat-2.19.so
7ffa5c8b1000-7ffa5c8b2000 r--p 00008000 08:04 525080                     /lib/x86_64-linux-gnu/libnss_compat-2.19.so
7ffa5c8b2000-7ffa5c8b3000 rw-p 00009000 08:04 525080                     /lib/x86_64-linux-gnu/libnss_compat-2.19.so
7ffa5c8b3000-7ffa5c8dd000 r-xp 00000000 08:04 1473487                    /opt/java/64/jre/lib/amd64/libjava.so
7ffa5c8dd000-7ffa5cadd000 ---p 0002a000 08:04 1473487                    /opt/java/64/jre/lib/amd64/libjava.so
7ffa5cadd000-7ffa5cadf000 rw-p 0002a000 08:04 1473487                    /opt/java/64/jre/lib/amd64/libjava.so
7ffa5cadf000-7ffa5caec000 r-xp 00000000 08:04 1473441                    /opt/java/64/jre/lib/amd64/libverify.so
7ffa5caec000-7ffa5ccec000 ---p 0000d000 08:04 1473441                    /opt/java/64/jre/lib/amd64/libverify.so
7ffa5ccec000-7ffa5ccee000 rw-p 0000d000 08:04 1473441                    /opt/java/64/jre/lib/amd64/libverify.so
7ffa5ccee000-7ffa5ccf5000 r-xp 00000000 08:04 525089                     /lib/x86_64-linux-gnu/librt-2.19.so
7ffa5ccf5000-7ffa5cef4000 ---p 00007000 08:04 525089                     /lib/x86_64-linux-gnu/librt-2.19.so
7ffa5cef4000-7ffa5cef5000 r--p 00006000 08:04 525089                     /lib/x86_64-linux-gnu/librt-2.19.so
7ffa5cef5000-7ffa5cef6000 rw-p 00007000 08:04 525089                     /lib/x86_64-linux-gnu/librt-2.19.so
7ffa5cef6000-7ffa5cffb000 r-xp 00000000 08:04 525075                     /lib/x86_64-linux-gnu/libm-2.19.so
7ffa5cffb000-7ffa5d1fa000 ---p 00105000 08:04 525075                     /lib/x86_64-linux-gnu/libm-2.19.so
7ffa5d1fa000-7ffa5d1fb000 r--p 00104000 08:04 525075                     /lib/x86_64-linux-gnu/libm-2.19.so
7ffa5d1fb000-7ffa5d1fc000 rw-p 00105000 08:04 525075                     /lib/x86_64-linux-gnu/libm-2.19.so
7ffa5d1fc000-7ffa5dec7000 r-xp 00000000 08:04 1473491                    /opt/java/64/jre/lib/amd64/server/libjvm.so
7ffa5dec7000-7ffa5e0c6000 ---p 00ccb000 08:04 1473491                    /opt/java/64/jre/lib/amd64/server/libjvm.so
7ffa5e0c6000-7ffa5e19f000 rw-p 00cca000 08:04 1473491                    /opt/java/64/jre/lib/amd64/server/libjvm.so
7ffa5e19f000-7ffa5e1ea000 rw-p 00000000 00:00 0 
7ffa5e1ea000-7ffa5e3a4000 r-xp 00000000 08:04 525090                     /lib/x86_64-linux-gnu/libc-2.19.so
7ffa5e3a4000-7ffa5e5a4000 ---p 001ba000 08:04 525090                     /lib/x86_64-linux-gnu/libc-2.19.so
7ffa5e5a4000-7ffa5e5a8000 r--p 001ba000 08:04 525090                     /lib/x86_64-linux-gnu/libc-2.19.so
7ffa5e5a8000-7ffa5e5aa000 rw-p 001be000 08:04 525090                     /lib/x86_64-linux-gnu/libc-2.19.so
7ffa5e5aa000-7ffa5e5af000 rw-p 00000000 00:00 0 
7ffa5e5af000-7ffa5e5b2000 r-xp 00000000 08:04 525077                     /lib/x86_64-linux-gnu/libdl-2.19.so
7ffa5e5b2000-7ffa5e7b1000 ---p 00003000 08:04 525077                     /lib/x86_64-linux-gnu/libdl-2.19.so
7ffa5e7b1000-7ffa5e7b2000 r--p 00002000 08:04 525077                     /lib/x86_64-linux-gnu/libdl-2.19.so
7ffa5e7b2000-7ffa5e7b3000 rw-p 00003000 08:04 525077                     /lib/x86_64-linux-gnu/libdl-2.19.so
7ffa5e7b3000-7ffa5e7c8000 r-xp 00000000 08:04 1457083                    /opt/java/64/lib/amd64/jli/libjli.so
7ffa5e7c8000-7ffa5e9c8000 ---p 00015000 08:04 1457083                    /opt/java/64/lib/amd64/jli/libjli.so
7ffa5e9c8000-7ffa5e9c9000 rw-p 00015000 08:04 1457083                    /opt/java/64/lib/amd64/jli/libjli.so
7ffa5e9c9000-7ffa5e9e2000 r-xp 00000000 08:04 525082                     /lib/x86_64-linux-gnu/libpthread-2.19.so
7ffa5e9e2000-7ffa5ebe1000 ---p 00019000 08:04 525082                     /lib/x86_64-linux-gnu/libpthread-2.19.so
7ffa5ebe1000-7ffa5ebe2000 r--p 00018000 08:04 525082                     /lib/x86_64-linux-gnu/libpthread-2.19.so
7ffa5ebe2000-7ffa5ebe3000 rw-p 00019000 08:04 525082                     /lib/x86_64-linux-gnu/libpthread-2.19.so
7ffa5ebe3000-7ffa5ebe7000 rw-p 00000000 00:00 0 
7ffa5ebe7000-7ffa5ec0a000 r-xp 00000000 08:04 525083                     /lib/x86_64-linux-gnu/ld-2.19.so
7ffa5ec0f000-7ffa5ece1000 rw-p 00000000 00:00 0 
7ffa5ece1000-7ffa5ece4000 ---p 00000000 00:00 0 
7ffa5ece4000-7ffa5ede6000 rw-p 00000000 00:00 0                          [stack:31369]
7ffa5ede8000-7ffa5edfd000 rw-p 00000000 00:00 0 
7ffa5edfd000-7ffa5ee05000 rw-s 00000000 08:04 405172                     /tmp/hsperfdata_rodrigo/31367
7ffa5ee05000-7ffa5ee06000 rw-p 00000000 00:00 0 
7ffa5ee06000-7ffa5ee07000 ---p 00000000 00:00 0 
7ffa5ee07000-7ffa5ee09000 rw-p 00000000 00:00 0 
7ffa5ee09000-7ffa5ee0a000 r--p 00022000 08:04 525083                     /lib/x86_64-linux-gnu/ld-2.19.so
7ffa5ee0a000-7ffa5ee0b000 rw-p 00023000 08:04 525083                     /lib/x86_64-linux-gnu/ld-2.19.so
7ffa5ee0b000-7ffa5ee0c000 rw-p 00000000 00:00 0 
7fff57fcb000-7fff57fec000 rw-p 00000000 00:00 0                          [stack]
7fff57ffe000-7fff58000000 r-xp 00000000 00:00 0                          [vdso]
ffffffffff600000-ffffffffff601000 r-xp 00000000 00:00 0                  [vsyscall]

VM Arguments:
jvm_args: -Djava.awt.headless=true -Xmx1024M -Dfile.encoding=UTF-8 -Duser.country=BR -Duser.language=pt -Duser.variant 
java_command: com.android.dx.command.Main --dex --num-threads=4 --output /home/rodrigo/AndroidStudioProjects/FireTODOList/app/build/intermediates/pre-dexed/debug/com.android.support-appcompat-v7-24.2.0_258755e1285b48adaec522c5e22799151b9d6d5a.jar /home/rodrigo/AndroidStudioProjects/FireTODOList/app/build/intermediates/exploded-aar/com.android.support/appcompat-v7/24.2.0/jars/classes.jar
java_class_path (initial): /home/rodrigo/Android/Sdk/build-tools/24.0.1/lib/dx.jar
Launcher Type: SUN_STANDARD

Environment Variables:
JAVA_HOME=/opt/java/64
PATH=/home/rodrigo/.local/share/umake/bin:/usr/local/sbin:/usr/local/bin:/usr/sbin:/usr/bin:/sbin:/bin:/usr/games:/usr/local/games:/opt/robomongo/bin
USERNAME=rodrigo
LD_LIBRARY_PATH=/opt/android-studio/bin:
SHELL=/bin/bash
DISPLAY=:0

Signal Handlers:
SIGSEGV: [libjvm.so+0xac4790], sa_mask[0]=11111111011111111101111111111110, sa_flags=SA_RESTART|SA_SIGINFO
SIGBUS: [libjvm.so+0xac4790], sa_mask[0]=11111111011111111101111111111110, sa_flags=SA_RESTART|SA_SIGINFO
SIGFPE: [libjvm.so+0x91f140], sa_mask[0]=11111111011111111101111111111110, sa_flags=SA_RESTART|SA_SIGINFO
SIGPIPE: [libjvm.so+0x91f140], sa_mask[0]=11111111011111111101111111111110, sa_flags=SA_RESTART|SA_SIGINFO
SIGXFSZ: [libjvm.so+0x91f140], sa_mask[0]=11111111011111111101111111111110, sa_flags=SA_RESTART|SA_SIGINFO
SIGILL: [libjvm.so+0x91f140], sa_mask[0]=11111111011111111101111111111110, sa_flags=SA_RESTART|SA_SIGINFO
SIGUSR1: SIG_DFL, sa_mask[0]=00000000000000000000000000000000, sa_flags=none
SIGUSR2: [libjvm.so+0x920770], sa_mask[0]=00100000000000000000000000000000, sa_flags=SA_RESTART|SA_SIGINFO
SIGHUP: [libjvm.so+0x921b70], sa_mask[0]=11111111011111111101111111111110, sa_flags=SA_RESTART|SA_SIGINFO
SIGINT: [libjvm.so+0x921b70], sa_mask[0]=11111111011111111101111111111110, sa_flags=SA_RESTART|SA_SIGINFO
SIGTERM: [libjvm.so+0x921b70], sa_mask[0]=11111111011111111101111111111110, sa_flags=SA_RESTART|SA_SIGINFO
SIGQUIT: [libjvm.so+0x921b70], sa_mask[0]=11111111011111111101111111111110, sa_flags=SA_RESTART|SA_SIGINFO


---------------  S Y S T E M  ---------------

OS:DISTRIB_ID=LinuxMint
DISTRIB_RELEASE=17.1
DISTRIB_CODENAME=rebecca
DISTRIB_DESCRIPTION="Linux Mint 17.1 Rebecca"

uname:Linux 3.13.0-37-generic #64-Ubuntu SMP Mon Sep 22 21:28:38 UTC 2014 x86_64
libc:glibc 2.19 NPTL 2.19 
rlimit: STACK 8192k, CORE 0k, NPROC 62695, NOFILE 4096, AS infinity
load average:8,26 5,57 3,83

/proc/meminfo:
MemTotal:        8056272 kB
MemFree:          118412 kB
Buffers:            1156 kB
Cached:          2435560 kB
SwapCached:        58372 kB
Active:          6461412 kB
Inactive:        1215472 kB
Active(anon):    6434104 kB
Inactive(anon):  1185484 kB
Active(file):      27308 kB
Inactive(file):    29988 kB
Unevictable:          96 kB
Mlocked:              96 kB
SwapTotal:       1952764 kB
SwapFree:              0 kB
Dirty:               160 kB
Writeback:             0 kB
AnonPages:       5182876 kB
Mapped:           266128 kB
Shmem:           2378668 kB
Slab:              85192 kB
SReclaimable:      39324 kB
SUnreclaim:        45868 kB
KernelStack:        6928 kB
PageTables:        59404 kB
NFS_Unstable:          0 kB
Bounce:                0 kB
WritebackTmp:          0 kB
CommitLimit:     5980900 kB
Committed_AS:   16963748 kB
VmallocTotal:   34359738367 kB
VmallocUsed:      570408 kB
VmallocChunk:   34359100216 kB
HardwareCorrupted:     0 kB
AnonHugePages:   2125824 kB
HugePages_Total:       0
HugePages_Free:        0
HugePages_Rsvd:        0
HugePages_Surp:        0
Hugepagesize:       2048 kB
DirectMap4k:       97020 kB
DirectMap2M:     8171520 kB


CPU:total 4 (2 cores per cpu, 2 threads per core) family 6 model 58 stepping 9, cmov, cx8, fxsr, mmx, sse, sse2, sse3, ssse3, sse4.1, sse4.2, popcnt, avx, aes, clmul, erms, ht, tsc, tscinvbit, tscinv

/proc/cpuinfo:
processor	: 0
vendor_id	: GenuineIntel
cpu family	: 6
model		: 58
model name	: Intel(R) Core(TM) i5-3210M CPU @ 2.50GHz
stepping	: 9
microcode	: 0x15
cpu MHz		: 2501.000
cache size	: 3072 KB
physical id	: 0
siblings	: 4
core id		: 0
cpu cores	: 2
apicid		: 0
initial apicid	: 0
fpu		: yes
fpu_exception	: yes
cpuid level	: 13
wp		: yes
flags		: fpu vme de pse tsc msr pae mce cx8 apic sep mtrr pge mca cmov pat pse36 clflush dts acpi mmx fxsr sse sse2 ss ht tm pbe syscall nx rdtscp lm constant_tsc arch_perfmon pebs bts rep_good nopl xtopology nonstop_tsc aperfmperf eagerfpu pni pclmulqdq dtes64 monitor ds_cpl vmx est tm2 ssse3 cx16 xtpr pdcm pcid sse4_1 sse4_2 x2apic popcnt tsc_deadline_timer aes xsave avx f16c rdrand lahf_lm ida arat epb xsaveopt pln pts dtherm tpr_shadow vnmi flexpriority ept vpid fsgsbase smep erms
bogomips	: 4988.58
clflush size	: 64
cache_alignment	: 64
address sizes	: 36 bits physical, 48 bits virtual
power management:

processor	: 1
vendor_id	: GenuineIntel
cpu family	: 6
model		: 58
model name	: Intel(R) Core(TM) i5-3210M CPU @ 2.50GHz
stepping	: 9
microcode	: 0x15
cpu MHz		: 2501.000
cache size	: 3072 KB
physical id	: 0
siblings	: 4
core id		: 0
cpu cores	: 2
apicid		: 1
initial apicid	: 1
fpu		: yes
fpu_exception	: yes
cpuid level	: 13
wp		: yes
flags		: fpu vme de pse tsc msr pae mce cx8 apic sep mtrr pge mca cmov pat pse36 clflush dts acpi mmx fxsr sse sse2 ss ht tm pbe syscall nx rdtscp lm constant_tsc arch_perfmon pebs bts rep_good nopl xtopology nonstop_tsc aperfmperf eagerfpu pni pclmulqdq dtes64 monitor ds_cpl vmx est tm2 ssse3 cx16 xtpr pdcm pcid sse4_1 sse4_2 x2apic popcnt tsc_deadline_timer aes xsave avx f16c rdrand lahf_lm ida arat epb xsaveopt pln pts dtherm tpr_shadow vnmi flexpriority ept vpid fsgsbase smep erms
bogomips	: 4988.58
clflush size	: 64
cache_alignment	: 64
address sizes	: 36 bits physical, 48 bits virtual
power management:

processor	: 2
vendor_id	: GenuineIntel
cpu family	: 6
model		: 58
model name	: Intel(R) Core(TM) i5-3210M CPU @ 2.50GHz
stepping	: 9
microcode	: 0x15
cpu MHz		: 2501.000
cache size	: 3072 KB
physical id	: 0
siblings	: 4
core id		: 1
cpu cores	: 2
apicid		: 2
initial apicid	: 2
fpu		: yes
fpu_exception	: yes
cpuid level	: 13
wp		: yes
flags		: fpu vme de pse tsc msr pae mce cx8 apic sep mtrr pge mca cmov pat pse36 clflush dts acpi mmx fxsr sse sse2 ss ht tm pbe syscall nx rdtscp lm constant_tsc arch_perfmon pebs bts rep_good nopl xtopology nonstop_tsc aperfmperf eagerfpu pni pclmulqdq dtes64 monitor ds_cpl vmx est tm2 ssse3 cx16 xtpr pdcm pcid sse4_1 sse4_2 x2apic popcnt tsc_deadline_timer aes xsave avx f16c rdrand lahf_lm ida arat epb xsaveopt pln pts dtherm tpr_shadow vnmi flexpriority ept vpid fsgsbase smep erms
bogomips	: 4988.58
clflush size	: 64
cache_alignment	: 64
address sizes	: 36 bits physical, 48 bits virtual
power management:

processor	: 3
vendor_id	: GenuineIntel
cpu family	: 6
model		: 58
model name	: Intel(R) Core(TM) i5-3210M CPU @ 2.50GHz
stepping	: 9
microcode	: 0x15
cpu MHz		: 2501.000
cache size	: 3072 KB
physical id	: 0
siblings	: 4
core id		: 1
cpu cores	: 2
apicid		: 3
initial apicid	: 3
fpu		: yes
fpu_exception	: yes
cpuid level	: 13
wp		: yes
flags		: fpu vme de pse tsc msr pae mce cx8 apic sep mtrr pge mca cmov pat pse36 clflush dts acpi mmx fxsr sse sse2 ss ht tm pbe syscall nx rdtscp lm constant_tsc arch_perfmon pebs bts rep_good nopl xtopology nonstop_tsc aperfmperf eagerfpu pni pclmulqdq dtes64 monitor ds_cpl vmx est tm2 ssse3 cx16 xtpr pdcm pcid sse4_1 sse4_2 x2apic popcnt tsc_deadline_timer aes xsave avx f16c rdrand lahf_lm ida arat epb xsaveopt pln pts dtherm tpr_shadow vnmi flexpriority ept vpid fsgsbase smep erms
bogomips	: 4988.58
clflush size	: 64
cache_alignment	: 64
address sizes	: 36 bits physical, 48 bits virtual
power management:



Memory: 4k page, physical 8056272k(118412k free), swap 1952764k(0k free)

vm_info: Java HotSpot(TM) 64-Bit Server VM (25.101-b13) for linux-amd64 JRE (1.8.0_101-b13), built on Jun 22 2016 02:59:44 by "java_re" with gcc 4.3.0 20080428 (Red Hat 4.3.0-8)

time: Wed Sep  7 14:25:26 2016
elapsed time: 10 seconds (0d 0h 0m 10s)

